\BOOKMARK [0][-]{chapter.1}{\376\377\0001\000\040\000H\000i\000e\000r\000a\000r\000c\000h\000i\000c\000a\000l\000\040\000I\000n\000d\000e\000x}{}% 1
\BOOKMARK [1][-]{section.1.1}{\376\377\0001\000.\0001\000\040\000C\000l\000a\000s\000s\000\040\000H\000i\000e\000r\000a\000r\000c\000h\000y}{chapter.1}% 2
\BOOKMARK [0][-]{chapter.2}{\376\377\0002\000\040\000C\000l\000a\000s\000s\000\040\000I\000n\000d\000e\000x}{}% 3
\BOOKMARK [1][-]{section.2.1}{\376\377\0002\000.\0001\000\040\000C\000l\000a\000s\000s\000\040\000L\000i\000s\000t}{chapter.2}% 4
\BOOKMARK [0][-]{chapter.3}{\376\377\0003\000\040\000C\000l\000a\000s\000s\000\040\000D\000o\000c\000u\000m\000e\000n\000t\000a\000t\000i\000o\000n}{}% 5
\BOOKMARK [1][-]{section.3.1}{\376\377\0003\000.\0001\000\040\000B\000a\000r\000n\000\040\000C\000l\000a\000s\000s\000\040\000R\000e\000f\000e\000r\000e\000n\000c\000e}{chapter.3}% 6
\BOOKMARK [2][-]{subsection.3.1.1}{\376\377\0003\000.\0001\000.\0001\000\040\000*}{section.3.1}% 7
\BOOKMARK [2][-]{subsection.3.1.2}{\376\377\0003\000.\0001\000.\0002\000\040\000*}{section.3.1}% 8
\BOOKMARK [2][-]{subsection.3.1.3}{\376\377\0003\000.\0001\000.\0003\000\040\000D\000e\000t\000a\000i\000l\000e\000d\000\040\000D\000e\000s\000c\000r\000i\000p\000t\000i\000o\000n}{section.3.1}% 9
\BOOKMARK [2][-]{subsection.3.1.4}{\376\377\0003\000.\0001\000.\0004\000\040\000M\000e\000m\000b\000e\000r\000\040\000F\000u\000n\000c\000t\000i\000o\000n\000\040\000D\000o\000c\000u\000m\000e\000n\000t\000a\000t\000i\000o\000n}{section.3.1}% 10
\BOOKMARK [3][-]{subsubsection.3.1.4.1}{\376\377\0003\000.\0001\000.\0004\000.\0001\000\040\000g\000e\000t\000C\000a\000t\000e\000g\000o\000r\000y\000\050\000\051}{subsection.3.1.4}% 11
\BOOKMARK [1][-]{section.3.2}{\376\377\0003\000.\0002\000\040\000B\000e\000e\000f\000C\000h\000i\000c\000k\000e\000n\000O\000m\000e\000l\000e\000t\000t\000e\000\040\000C\000l\000a\000s\000s\000\040\000R\000e\000f\000e\000r\000e\000n\000c\000e}{chapter.3}% 12
\BOOKMARK [2][-]{subsection.3.2.1}{\376\377\0003\000.\0002\000.\0001\000\040\000*}{section.3.2}% 13
\BOOKMARK [2][-]{subsection.3.2.2}{\376\377\0003\000.\0002\000.\0002\000\040\000*}{section.3.2}% 14
\BOOKMARK [2][-]{subsection.3.2.3}{\376\377\0003\000.\0002\000.\0003\000\040\000D\000e\000t\000a\000i\000l\000e\000d\000\040\000D\000e\000s\000c\000r\000i\000p\000t\000i\000o\000n}{section.3.2}% 15
\BOOKMARK [2][-]{subsection.3.2.4}{\376\377\0003\000.\0002\000.\0004\000\040\000C\000o\000n\000s\000t\000r\000u\000c\000t\000o\000r\000\040\000\046\000\040\000D\000e\000s\000t\000r\000u\000c\000t\000o\000r\000\040\000D\000o\000c\000u\000m\000e\000n\000t\000a\000t\000i\000o\000n}{section.3.2}% 16
\BOOKMARK [3][-]{subsubsection.3.2.4.1}{\376\377\0003\000.\0002\000.\0004\000.\0001\000\040\000B\000e\000e\000f\000C\000h\000i\000c\000k\000e\000n\000O\000m\000e\000l\000e\000t\000t\000e\000\050\000\051}{subsection.3.2.4}% 17
\BOOKMARK [3][-]{subsubsection.3.2.4.2}{\376\377\0003\000.\0002\000.\0004\000.\0002\000\040\000\040\000B\000e\000e\000f\000C\000h\000i\000c\000k\000e\000n\000O\000m\000e\000l\000e\000t\000t\000e\000\050\000\051}{subsection.3.2.4}% 18
\BOOKMARK [2][-]{subsection.3.2.5}{\376\377\0003\000.\0002\000.\0005\000\040\000M\000e\000m\000b\000e\000r\000\040\000F\000u\000n\000c\000t\000i\000o\000n\000\040\000D\000o\000c\000u\000m\000e\000n\000t\000a\000t\000i\000o\000n}{section.3.2}% 19
\BOOKMARK [3][-]{subsubsection.3.2.5.1}{\376\377\0003\000.\0002\000.\0005\000.\0001\000\040\000g\000e\000t\000C\000a\000t\000e\000g\000o\000r\000y\000\050\000\051}{subsection.3.2.5}% 20
\BOOKMARK [3][-]{subsubsection.3.2.5.2}{\376\377\0003\000.\0002\000.\0005\000.\0002\000\040\000g\000e\000t\000P\000r\000i\000c\000e\000\050\000\051}{subsection.3.2.5}% 21
\BOOKMARK [3][-]{subsubsection.3.2.5.3}{\376\377\0003\000.\0002\000.\0005\000.\0003\000\040\000g\000e\000t\000R\000e\000c\000i\000p\000e\000\050\000\051}{subsection.3.2.5}% 22
\BOOKMARK [1][-]{section.3.3}{\376\377\0003\000.\0003\000\040\000B\000e\000e\000f\000M\000u\000t\000t\000o\000n\000S\000a\000t\000e\000\040\000C\000l\000a\000s\000s\000\040\000R\000e\000f\000e\000r\000e\000n\000c\000e}{chapter.3}% 23
\BOOKMARK [2][-]{subsection.3.3.1}{\376\377\0003\000.\0003\000.\0001\000\040\000*}{section.3.3}% 24
\BOOKMARK [2][-]{subsection.3.3.2}{\376\377\0003\000.\0003\000.\0002\000\040\000*}{section.3.3}% 25
\BOOKMARK [2][-]{subsection.3.3.3}{\376\377\0003\000.\0003\000.\0003\000\040\000D\000e\000t\000a\000i\000l\000e\000d\000\040\000D\000e\000s\000c\000r\000i\000p\000t\000i\000o\000n}{section.3.3}% 26
\BOOKMARK [2][-]{subsection.3.3.4}{\376\377\0003\000.\0003\000.\0004\000\040\000C\000o\000n\000s\000t\000r\000u\000c\000t\000o\000r\000\040\000\046\000\040\000D\000e\000s\000t\000r\000u\000c\000t\000o\000r\000\040\000D\000o\000c\000u\000m\000e\000n\000t\000a\000t\000i\000o\000n}{section.3.3}% 27
\BOOKMARK [3][-]{subsubsection.3.3.4.1}{\376\377\0003\000.\0003\000.\0004\000.\0001\000\040\000B\000e\000e\000f\000M\000u\000t\000t\000o\000n\000S\000a\000t\000e\000\050\000\051}{subsection.3.3.4}% 28
\BOOKMARK [3][-]{subsubsection.3.3.4.2}{\376\377\0003\000.\0003\000.\0004\000.\0002\000\040\000\040\000B\000e\000e\000f\000M\000u\000t\000t\000o\000n\000S\000a\000t\000e\000\050\000\051}{subsection.3.3.4}% 29
\BOOKMARK [2][-]{subsection.3.3.5}{\376\377\0003\000.\0003\000.\0005\000\040\000M\000e\000m\000b\000e\000r\000\040\000F\000u\000n\000c\000t\000i\000o\000n\000\040\000D\000o\000c\000u\000m\000e\000n\000t\000a\000t\000i\000o\000n}{section.3.3}% 30
\BOOKMARK [3][-]{subsubsection.3.3.5.1}{\376\377\0003\000.\0003\000.\0005\000.\0001\000\040\000g\000e\000t\000C\000a\000t\000e\000g\000o\000r\000y\000\050\000\051}{subsection.3.3.5}% 31
\BOOKMARK [3][-]{subsubsection.3.3.5.2}{\376\377\0003\000.\0003\000.\0005\000.\0002\000\040\000g\000e\000t\000P\000r\000i\000c\000e\000\050\000\051}{subsection.3.3.5}% 32
\BOOKMARK [3][-]{subsubsection.3.3.5.3}{\376\377\0003\000.\0003\000.\0005\000.\0003\000\040\000g\000e\000t\000R\000e\000c\000i\000p\000e\000\050\000\051}{subsection.3.3.5}% 33
\BOOKMARK [1][-]{section.3.4}{\376\377\0003\000.\0004\000\040\000C\000e\000l\000l\000\040\000C\000l\000a\000s\000s\000\040\000R\000e\000f\000e\000r\000e\000n\000c\000e}{chapter.3}% 34
\BOOKMARK [2][-]{subsection.3.4.1}{\376\377\0003\000.\0004\000.\0001\000\040\000*}{section.3.4}% 35
\BOOKMARK [2][-]{subsection.3.4.2}{\376\377\0003\000.\0004\000.\0002\000\040\000*}{section.3.4}% 36
\BOOKMARK [2][-]{subsection.3.4.3}{\376\377\0003\000.\0004\000.\0003\000\040\000*}{section.3.4}% 37
\BOOKMARK [2][-]{subsection.3.4.4}{\376\377\0003\000.\0004\000.\0004\000\040\000D\000e\000t\000a\000i\000l\000e\000d\000\040\000D\000e\000s\000c\000r\000i\000p\000t\000i\000o\000n}{section.3.4}% 38
\BOOKMARK [2][-]{subsection.3.4.5}{\376\377\0003\000.\0004\000.\0005\000\040\000M\000e\000m\000b\000e\000r\000\040\000E\000n\000u\000m\000e\000r\000a\000t\000i\000o\000n\000\040\000D\000o\000c\000u\000m\000e\000n\000t\000a\000t\000i\000o\000n}{section.3.4}% 39
\BOOKMARK [3][-]{subsubsection.3.4.5.1}{\376\377\0003\000.\0004\000.\0005\000.\0001\000\040\000C\000a\000t\000e\000g\000o\000r\000y}{subsection.3.4.5}% 40
\BOOKMARK [2][-]{subsection.3.4.6}{\376\377\0003\000.\0004\000.\0006\000\040\000C\000o\000n\000s\000t\000r\000u\000c\000t\000o\000r\000\040\000\046\000\040\000D\000e\000s\000t\000r\000u\000c\000t\000o\000r\000\040\000D\000o\000c\000u\000m\000e\000n\000t\000a\000t\000i\000o\000n}{section.3.4}% 41
\BOOKMARK [3][-]{subsubsection.3.4.6.1}{\376\377\0003\000.\0004\000.\0006\000.\0001\000\040\000\040\000C\000e\000l\000l\000\050\000\051}{subsection.3.4.6}% 42
\BOOKMARK [2][-]{subsection.3.4.7}{\376\377\0003\000.\0004\000.\0007\000\040\000M\000e\000m\000b\000e\000r\000\040\000F\000u\000n\000c\000t\000i\000o\000n\000\040\000D\000o\000c\000u\000m\000e\000n\000t\000a\000t\000i\000o\000n}{section.3.4}% 43
\BOOKMARK [3][-]{subsubsection.3.4.7.1}{\376\377\0003\000.\0004\000.\0007\000.\0001\000\040\000g\000e\000t\000C\000a\000t\000e\000g\000o\000r\000y\000\050\000\051}{subsection.3.4.7}% 44
\BOOKMARK [3][-]{subsubsection.3.4.7.2}{\376\377\0003\000.\0004\000.\0007\000.\0002\000\040\000g\000e\000t\000I\000s\000O\000c\000u\000p\000i\000e\000d\000\050\000\051}{subsection.3.4.7}% 45
\BOOKMARK [3][-]{subsubsection.3.4.7.3}{\376\377\0003\000.\0004\000.\0007\000.\0003\000\040\000g\000r\000o\000w\000G\000r\000a\000s\000s\000\050\000\051}{subsection.3.4.7}% 46
\BOOKMARK [3][-]{subsubsection.3.4.7.4}{\376\377\0003\000.\0004\000.\0007\000.\0004\000\040\000i\000s\000F\000a\000c\000i\000l\000i\000t\000y\000\050\000\051}{subsection.3.4.7}% 47
\BOOKMARK [3][-]{subsubsection.3.4.7.5}{\376\377\0003\000.\0004\000.\0007\000.\0005\000\040\000i\000s\000G\000r\000a\000s\000s\000E\000x\000i\000s\000t\000\050\000\051}{subsection.3.4.7}% 48
\BOOKMARK [3][-]{subsubsection.3.4.7.6}{\376\377\0003\000.\0004\000.\0007\000.\0006\000\040\000r\000e\000m\000o\000v\000e\000G\000r\000a\000s\000s\000\050\000\051}{subsection.3.4.7}% 49
\BOOKMARK [3][-]{subsubsection.3.4.7.7}{\376\377\0003\000.\0004\000.\0007\000.\0007\000\040\000s\000e\000t\000I\000s\000O\000c\000u\000p\000i\000e\000d\000\050\000\051}{subsection.3.4.7}% 50
\BOOKMARK [2][-]{subsection.3.4.8}{\376\377\0003\000.\0004\000.\0008\000\040\000M\000e\000m\000b\000e\000r\000\040\000D\000a\000t\000a\000\040\000D\000o\000c\000u\000m\000e\000n\000t\000a\000t\000i\000o\000n}{section.3.4}% 51
\BOOKMARK [3][-]{subsubsection.3.4.8.1}{\376\377\0003\000.\0004\000.\0008\000.\0001\000\040\000i\000s\000O\000c\000u\000p\000i\000e\000d}{subsection.3.4.8}% 52
\BOOKMARK [1][-]{section.3.5}{\376\377\0003\000.\0005\000\040\000C\000h\000i\000c\000k\000e\000n\000\040\000C\000l\000a\000s\000s\000\040\000R\000e\000f\000e\000r\000e\000n\000c\000e}{chapter.3}% 53
\BOOKMARK [2][-]{subsection.3.5.1}{\376\377\0003\000.\0005\000.\0001\000\040\000*}{section.3.5}% 54
\BOOKMARK [2][-]{subsection.3.5.2}{\376\377\0003\000.\0005\000.\0002\000\040\000*}{section.3.5}% 55
\BOOKMARK [2][-]{subsection.3.5.3}{\376\377\0003\000.\0005\000.\0003\000\040\000D\000e\000t\000a\000i\000l\000e\000d\000\040\000D\000e\000s\000c\000r\000i\000p\000t\000i\000o\000n}{section.3.5}% 56
\BOOKMARK [2][-]{subsection.3.5.4}{\376\377\0003\000.\0005\000.\0004\000\040\000C\000o\000n\000s\000t\000r\000u\000c\000t\000o\000r\000\040\000\046\000\040\000D\000e\000s\000t\000r\000u\000c\000t\000o\000r\000\040\000D\000o\000c\000u\000m\000e\000n\000t\000a\000t\000i\000o\000n}{section.3.5}% 57
\BOOKMARK [3][-]{subsubsection.3.5.4.1}{\376\377\0003\000.\0005\000.\0004\000.\0001\000\040\000C\000h\000i\000c\000k\000e\000n\000\050\000\051}{subsection.3.5.4}% 58
\BOOKMARK [2][-]{subsection.3.5.5}{\376\377\0003\000.\0005\000.\0005\000\040\000M\000e\000m\000b\000e\000r\000\040\000F\000u\000n\000c\000t\000i\000o\000n\000\040\000D\000o\000c\000u\000m\000e\000n\000t\000a\000t\000i\000o\000n}{section.3.5}% 59
\BOOKMARK [3][-]{subsubsection.3.5.5.1}{\376\377\0003\000.\0005\000.\0005\000.\0001\000\040\000m\000a\000k\000e\000N\000o\000i\000s\000e\000\050\000\051}{subsection.3.5.5}% 60
\BOOKMARK [3][-]{subsubsection.3.5.5.2}{\376\377\0003\000.\0005\000.\0005\000.\0002\000\040\000p\000r\000o\000d\000u\000c\000e\000P\000r\000o\000d\000u\000c\000t\000\050\000\051}{subsection.3.5.5}% 61
\BOOKMARK [3][-]{subsubsection.3.5.5.3}{\376\377\0003\000.\0005\000.\0005\000.\0003\000\040\000r\000e\000n\000d\000e\000r\000\050\000\051}{subsection.3.5.5}% 62
\BOOKMARK [1][-]{section.3.6}{\376\377\0003\000.\0006\000\040\000C\000h\000i\000c\000k\000e\000n\000E\000g\000g\000\040\000C\000l\000a\000s\000s\000\040\000R\000e\000f\000e\000r\000e\000n\000c\000e}{chapter.3}% 63
\BOOKMARK [2][-]{subsection.3.6.1}{\376\377\0003\000.\0006\000.\0001\000\040\000*}{section.3.6}% 64
\BOOKMARK [2][-]{subsection.3.6.2}{\376\377\0003\000.\0006\000.\0002\000\040\000*}{section.3.6}% 65
\BOOKMARK [2][-]{subsection.3.6.3}{\376\377\0003\000.\0006\000.\0003\000\040\000D\000e\000t\000a\000i\000l\000e\000d\000\040\000D\000e\000s\000c\000r\000i\000p\000t\000i\000o\000n}{section.3.6}% 66
\BOOKMARK [2][-]{subsection.3.6.4}{\376\377\0003\000.\0006\000.\0004\000\040\000M\000e\000m\000b\000e\000r\000\040\000F\000u\000n\000c\000t\000i\000o\000n\000\040\000D\000o\000c\000u\000m\000e\000n\000t\000a\000t\000i\000o\000n}{section.3.6}% 67
\BOOKMARK [3][-]{subsubsection.3.6.4.1}{\376\377\0003\000.\0006\000.\0004\000.\0001\000\040\000g\000e\000t\000C\000a\000t\000e\000g\000o\000r\000y\000\050\000\051}{subsection.3.6.4}% 68
\BOOKMARK [3][-]{subsubsection.3.6.4.2}{\376\377\0003\000.\0006\000.\0004\000.\0002\000\040\000g\000e\000t\000P\000r\000i\000c\000e\000\050\000\051}{subsection.3.6.4}% 69
\BOOKMARK [1][-]{section.3.7}{\376\377\0003\000.\0007\000\040\000C\000o\000o\000p\000\040\000C\000l\000a\000s\000s\000\040\000R\000e\000f\000e\000r\000e\000n\000c\000e}{chapter.3}% 70
\BOOKMARK [2][-]{subsection.3.7.1}{\376\377\0003\000.\0007\000.\0001\000\040\000*}{section.3.7}% 71
\BOOKMARK [2][-]{subsection.3.7.2}{\376\377\0003\000.\0007\000.\0002\000\040\000*}{section.3.7}% 72
\BOOKMARK [2][-]{subsection.3.7.3}{\376\377\0003\000.\0007\000.\0003\000\040\000D\000e\000t\000a\000i\000l\000e\000d\000\040\000D\000e\000s\000c\000r\000i\000p\000t\000i\000o\000n}{section.3.7}% 73
\BOOKMARK [2][-]{subsection.3.7.4}{\376\377\0003\000.\0007\000.\0004\000\040\000M\000e\000m\000b\000e\000r\000\040\000F\000u\000n\000c\000t\000i\000o\000n\000\040\000D\000o\000c\000u\000m\000e\000n\000t\000a\000t\000i\000o\000n}{section.3.7}% 74
\BOOKMARK [3][-]{subsubsection.3.7.4.1}{\376\377\0003\000.\0007\000.\0004\000.\0001\000\040\000g\000e\000t\000C\000a\000t\000e\000g\000o\000r\000y\000\050\000\051}{subsection.3.7.4}% 75
\BOOKMARK [1][-]{section.3.8}{\376\377\0003\000.\0008\000\040\000C\000o\000w\000\040\000C\000l\000a\000s\000s\000\040\000R\000e\000f\000e\000r\000e\000n\000c\000e}{chapter.3}% 76
\BOOKMARK [2][-]{subsection.3.8.1}{\376\377\0003\000.\0008\000.\0001\000\040\000*}{section.3.8}% 77
\BOOKMARK [2][-]{subsection.3.8.2}{\376\377\0003\000.\0008\000.\0002\000\040\000*}{section.3.8}% 78
\BOOKMARK [2][-]{subsection.3.8.3}{\376\377\0003\000.\0008\000.\0003\000\040\000D\000e\000t\000a\000i\000l\000e\000d\000\040\000D\000e\000s\000c\000r\000i\000p\000t\000i\000o\000n}{section.3.8}% 79
\BOOKMARK [2][-]{subsection.3.8.4}{\376\377\0003\000.\0008\000.\0004\000\040\000C\000o\000n\000s\000t\000r\000u\000c\000t\000o\000r\000\040\000\046\000\040\000D\000e\000s\000t\000r\000u\000c\000t\000o\000r\000\040\000D\000o\000c\000u\000m\000e\000n\000t\000a\000t\000i\000o\000n}{section.3.8}% 80
\BOOKMARK [3][-]{subsubsection.3.8.4.1}{\376\377\0003\000.\0008\000.\0004\000.\0001\000\040\000C\000o\000w\000\050\000\051}{subsection.3.8.4}% 81
\BOOKMARK [2][-]{subsection.3.8.5}{\376\377\0003\000.\0008\000.\0005\000\040\000M\000e\000m\000b\000e\000r\000\040\000F\000u\000n\000c\000t\000i\000o\000n\000\040\000D\000o\000c\000u\000m\000e\000n\000t\000a\000t\000i\000o\000n}{section.3.8}% 82
\BOOKMARK [3][-]{subsubsection.3.8.5.1}{\376\377\0003\000.\0008\000.\0005\000.\0001\000\040\000m\000a\000k\000e\000N\000o\000i\000s\000e\000\050\000\051}{subsection.3.8.5}% 83
\BOOKMARK [3][-]{subsubsection.3.8.5.2}{\376\377\0003\000.\0008\000.\0005\000.\0002\000\040\000p\000r\000o\000d\000u\000c\000e\000P\000r\000o\000d\000u\000c\000t\000\050\000\051}{subsection.3.8.5}% 84
\BOOKMARK [3][-]{subsubsection.3.8.5.3}{\376\377\0003\000.\0008\000.\0005\000.\0003\000\040\000r\000e\000n\000d\000e\000r\000\050\000\051}{subsection.3.8.5}% 85
\BOOKMARK [1][-]{section.3.9}{\376\377\0003\000.\0009\000\040\000C\000o\000w\000M\000e\000a\000t\000\040\000C\000l\000a\000s\000s\000\040\000R\000e\000f\000e\000r\000e\000n\000c\000e}{chapter.3}% 86
\BOOKMARK [2][-]{subsection.3.9.1}{\376\377\0003\000.\0009\000.\0001\000\040\000*}{section.3.9}% 87
\BOOKMARK [2][-]{subsection.3.9.2}{\376\377\0003\000.\0009\000.\0002\000\040\000*}{section.3.9}% 88
\BOOKMARK [2][-]{subsection.3.9.3}{\376\377\0003\000.\0009\000.\0003\000\040\000D\000e\000t\000a\000i\000l\000e\000d\000\040\000D\000e\000s\000c\000r\000i\000p\000t\000i\000o\000n}{section.3.9}% 89
\BOOKMARK [2][-]{subsection.3.9.4}{\376\377\0003\000.\0009\000.\0004\000\040\000M\000e\000m\000b\000e\000r\000\040\000F\000u\000n\000c\000t\000i\000o\000n\000\040\000D\000o\000c\000u\000m\000e\000n\000t\000a\000t\000i\000o\000n}{section.3.9}% 90
\BOOKMARK [3][-]{subsubsection.3.9.4.1}{\376\377\0003\000.\0009\000.\0004\000.\0001\000\040\000g\000e\000t\000C\000a\000t\000e\000g\000o\000r\000y\000\050\000\051}{subsection.3.9.4}% 91
\BOOKMARK [3][-]{subsubsection.3.9.4.2}{\376\377\0003\000.\0009\000.\0004\000.\0002\000\040\000g\000e\000t\000P\000r\000i\000c\000e\000\050\000\051}{subsection.3.9.4}% 92
\BOOKMARK [1][-]{section.3.10}{\376\377\0003\000.\0001\0000\000\040\000D\000u\000c\000k\000\040\000C\000l\000a\000s\000s\000\040\000R\000e\000f\000e\000r\000e\000n\000c\000e}{chapter.3}% 93
\BOOKMARK [2][-]{subsection.3.10.1}{\376\377\0003\000.\0001\0000\000.\0001\000\040\000*}{section.3.10}% 94
\BOOKMARK [2][-]{subsection.3.10.2}{\376\377\0003\000.\0001\0000\000.\0002\000\040\000*}{section.3.10}% 95
\BOOKMARK [2][-]{subsection.3.10.3}{\376\377\0003\000.\0001\0000\000.\0003\000\040\000D\000e\000t\000a\000i\000l\000e\000d\000\040\000D\000e\000s\000c\000r\000i\000p\000t\000i\000o\000n}{section.3.10}% 96
\BOOKMARK [2][-]{subsection.3.10.4}{\376\377\0003\000.\0001\0000\000.\0004\000\040\000C\000o\000n\000s\000t\000r\000u\000c\000t\000o\000r\000\040\000\046\000\040\000D\000e\000s\000t\000r\000u\000c\000t\000o\000r\000\040\000D\000o\000c\000u\000m\000e\000n\000t\000a\000t\000i\000o\000n}{section.3.10}% 97
\BOOKMARK [3][-]{subsubsection.3.10.4.1}{\376\377\0003\000.\0001\0000\000.\0004\000.\0001\000\040\000D\000u\000c\000k\000\050\000\051}{subsection.3.10.4}% 98
\BOOKMARK [2][-]{subsection.3.10.5}{\376\377\0003\000.\0001\0000\000.\0005\000\040\000M\000e\000m\000b\000e\000r\000\040\000F\000u\000n\000c\000t\000i\000o\000n\000\040\000D\000o\000c\000u\000m\000e\000n\000t\000a\000t\000i\000o\000n}{section.3.10}% 99
\BOOKMARK [3][-]{subsubsection.3.10.5.1}{\376\377\0003\000.\0001\0000\000.\0005\000.\0001\000\040\000m\000a\000k\000e\000N\000o\000i\000s\000e\000\050\000\051}{subsection.3.10.5}% 100
\BOOKMARK [3][-]{subsubsection.3.10.5.2}{\376\377\0003\000.\0001\0000\000.\0005\000.\0002\000\040\000p\000r\000o\000d\000u\000c\000e\000P\000r\000o\000d\000u\000c\000t\000\050\000\051}{subsection.3.10.5}% 101
\BOOKMARK [3][-]{subsubsection.3.10.5.3}{\376\377\0003\000.\0001\0000\000.\0005\000.\0003\000\040\000r\000e\000n\000d\000e\000r\000\050\000\051}{subsection.3.10.5}% 102
\BOOKMARK [1][-]{section.3.11}{\376\377\0003\000.\0001\0001\000\040\000D\000u\000c\000k\000M\000e\000a\000t\000\040\000C\000l\000a\000s\000s\000\040\000R\000e\000f\000e\000r\000e\000n\000c\000e}{chapter.3}% 103
\BOOKMARK [2][-]{subsection.3.11.1}{\376\377\0003\000.\0001\0001\000.\0001\000\040\000*}{section.3.11}% 104
\BOOKMARK [2][-]{subsection.3.11.2}{\376\377\0003\000.\0001\0001\000.\0002\000\040\000*}{section.3.11}% 105
\BOOKMARK [2][-]{subsection.3.11.3}{\376\377\0003\000.\0001\0001\000.\0003\000\040\000D\000e\000t\000a\000i\000l\000e\000d\000\040\000D\000e\000s\000c\000r\000i\000p\000t\000i\000o\000n}{section.3.11}% 106
\BOOKMARK [2][-]{subsection.3.11.4}{\376\377\0003\000.\0001\0001\000.\0004\000\040\000M\000e\000m\000b\000e\000r\000\040\000F\000u\000n\000c\000t\000i\000o\000n\000\040\000D\000o\000c\000u\000m\000e\000n\000t\000a\000t\000i\000o\000n}{section.3.11}% 107
\BOOKMARK [3][-]{subsubsection.3.11.4.1}{\376\377\0003\000.\0001\0001\000.\0004\000.\0001\000\040\000g\000e\000t\000C\000a\000t\000e\000g\000o\000r\000y\000\050\000\051}{subsection.3.11.4}% 108
\BOOKMARK [3][-]{subsubsection.3.11.4.2}{\376\377\0003\000.\0001\0001\000.\0004\000.\0002\000\040\000g\000e\000t\000P\000r\000i\000c\000e\000\050\000\051}{subsection.3.11.4}% 109
\BOOKMARK [1][-]{section.3.12}{\376\377\0003\000.\0001\0002\000\040\000E\000g\000g\000P\000r\000o\000d\000u\000c\000e\000r\000\040\000C\000l\000a\000s\000s\000\040\000R\000e\000f\000e\000r\000e\000n\000c\000e}{chapter.3}% 110
\BOOKMARK [2][-]{subsection.3.12.1}{\376\377\0003\000.\0001\0002\000.\0001\000\040\000*}{section.3.12}% 111
\BOOKMARK [2][-]{subsection.3.12.2}{\376\377\0003\000.\0001\0002\000.\0002\000\040\000*}{section.3.12}% 112
\BOOKMARK [2][-]{subsection.3.12.3}{\376\377\0003\000.\0001\0002\000.\0003\000\040\000*}{section.3.12}% 113
\BOOKMARK [2][-]{subsection.3.12.4}{\376\377\0003\000.\0001\0002\000.\0004\000\040\000D\000e\000t\000a\000i\000l\000e\000d\000\040\000D\000e\000s\000c\000r\000i\000p\000t\000i\000o\000n}{section.3.12}% 114
\BOOKMARK [2][-]{subsection.3.12.5}{\376\377\0003\000.\0001\0002\000.\0005\000\040\000C\000o\000n\000s\000t\000r\000u\000c\000t\000o\000r\000\040\000\046\000\040\000D\000e\000s\000t\000r\000u\000c\000t\000o\000r\000\040\000D\000o\000c\000u\000m\000e\000n\000t\000a\000t\000i\000o\000n}{section.3.12}% 115
\BOOKMARK [3][-]{subsubsection.3.12.5.1}{\376\377\0003\000.\0001\0002\000.\0005\000.\0001\000\040\000E\000g\000g\000P\000r\000o\000d\000u\000c\000e\000r\000\050\000\051}{subsection.3.12.5}% 116
\BOOKMARK [3][-]{subsubsection.3.12.5.2}{\376\377\0003\000.\0001\0002\000.\0005\000.\0002\000\040\000\040\000E\000g\000g\000P\000r\000o\000d\000u\000c\000e\000r\000\050\000\051}{subsection.3.12.5}% 117
\BOOKMARK [2][-]{subsection.3.12.6}{\376\377\0003\000.\0001\0002\000.\0006\000\040\000M\000e\000m\000b\000e\000r\000\040\000F\000u\000n\000c\000t\000i\000o\000n\000\040\000D\000o\000c\000u\000m\000e\000n\000t\000a\000t\000i\000o\000n}{section.3.12}% 118
\BOOKMARK [3][-]{subsubsection.3.12.6.1}{\376\377\0003\000.\0001\0002\000.\0006\000.\0001\000\040\000g\000e\000t\000K\000i\000l\000l\000a\000b\000l\000e\000\050\000\051}{subsection.3.12.6}% 119
\BOOKMARK [3][-]{subsubsection.3.12.6.2}{\376\377\0003\000.\0001\0002\000.\0006\000.\0002\000\040\000g\000e\000t\000P\000r\000o\000d\000u\000c\000e\000\050\000\051}{subsection.3.12.6}% 120
\BOOKMARK [2][-]{subsection.3.12.7}{\376\377\0003\000.\0001\0002\000.\0007\000\040\000M\000e\000m\000b\000e\000r\000\040\000D\000a\000t\000a\000\040\000D\000o\000c\000u\000m\000e\000n\000t\000a\000t\000i\000o\000n}{section.3.12}% 121
\BOOKMARK [3][-]{subsubsection.3.12.7.1}{\376\377\0003\000.\0001\0002\000.\0007\000.\0001\000\040\000c\000a\000n\000P\000r\000o\000d\000u\000c\000e}{subsection.3.12.7}% 122
\BOOKMARK [1][-]{section.3.13}{\376\377\0003\000.\0001\0003\000\040\000F\000a\000c\000i\000l\000i\000t\000y\000\040\000C\000l\000a\000s\000s\000\040\000R\000e\000f\000e\000r\000e\000n\000c\000e}{chapter.3}% 123
\BOOKMARK [2][-]{subsection.3.13.1}{\376\377\0003\000.\0001\0003\000.\0001\000\040\000*}{section.3.13}% 124
\BOOKMARK [2][-]{subsection.3.13.2}{\376\377\0003\000.\0001\0003\000.\0002\000\040\000*}{section.3.13}% 125
\BOOKMARK [2][-]{subsection.3.13.3}{\376\377\0003\000.\0001\0003\000.\0003\000\040\000D\000e\000t\000a\000i\000l\000e\000d\000\040\000D\000e\000s\000c\000r\000i\000p\000t\000i\000o\000n}{section.3.13}% 126
\BOOKMARK [2][-]{subsection.3.13.4}{\376\377\0003\000.\0001\0003\000.\0004\000\040\000C\000o\000n\000s\000t\000r\000u\000c\000t\000o\000r\000\040\000\046\000\040\000D\000e\000s\000t\000r\000u\000c\000t\000o\000r\000\040\000D\000o\000c\000u\000m\000e\000n\000t\000a\000t\000i\000o\000n}{section.3.13}% 127
\BOOKMARK [3][-]{subsubsection.3.13.4.1}{\376\377\0003\000.\0001\0003\000.\0004\000.\0001\000\040\000F\000a\000c\000i\000l\000i\000t\000y\000\050\000\051}{subsection.3.13.4}% 128
\BOOKMARK [3][-]{subsubsection.3.13.4.2}{\376\377\0003\000.\0001\0003\000.\0004\000.\0002\000\040\000\040\000F\000a\000c\000i\000l\000i\000t\000y\000\050\000\051}{subsection.3.13.4}% 129
\BOOKMARK [2][-]{subsection.3.13.5}{\376\377\0003\000.\0001\0003\000.\0005\000\040\000M\000e\000m\000b\000e\000r\000\040\000F\000u\000n\000c\000t\000i\000o\000n\000\040\000D\000o\000c\000u\000m\000e\000n\000t\000a\000t\000i\000o\000n}{section.3.13}% 130
\BOOKMARK [3][-]{subsubsection.3.13.5.1}{\376\377\0003\000.\0001\0003\000.\0005\000.\0001\000\040\000i\000s\000F\000a\000c\000i\000l\000i\000t\000y\000\050\000\051}{subsection.3.13.5}% 131
\BOOKMARK [3][-]{subsubsection.3.13.5.2}{\376\377\0003\000.\0001\0003\000.\0005\000.\0002\000\040\000i\000s\000G\000r\000a\000s\000s\000E\000x\000i\000s\000t\000\050\000\051}{subsection.3.13.5}% 132
\BOOKMARK [1][-]{section.3.14}{\376\377\0003\000.\0001\0004\000\040\000F\000a\000r\000m\000A\000n\000i\000m\000a\000l\000\040\000C\000l\000a\000s\000s\000\040\000R\000e\000f\000e\000r\000e\000n\000c\000e}{chapter.3}% 133
\BOOKMARK [2][-]{subsection.3.14.1}{\376\377\0003\000.\0001\0004\000.\0001\000\040\000*}{section.3.14}% 134
\BOOKMARK [2][-]{subsection.3.14.2}{\376\377\0003\000.\0001\0004\000.\0002\000\040\000*}{section.3.14}% 135
\BOOKMARK [2][-]{subsection.3.14.3}{\376\377\0003\000.\0001\0004\000.\0003\000\040\000*}{section.3.14}% 136
\BOOKMARK [2][-]{subsection.3.14.4}{\376\377\0003\000.\0001\0004\000.\0004\000\040\000*}{section.3.14}% 137
\BOOKMARK [2][-]{subsection.3.14.5}{\376\377\0003\000.\0001\0004\000.\0005\000\040\000D\000e\000t\000a\000i\000l\000e\000d\000\040\000D\000e\000s\000c\000r\000i\000p\000t\000i\000o\000n}{section.3.14}% 138
\BOOKMARK [2][-]{subsection.3.14.6}{\376\377\0003\000.\0001\0004\000.\0006\000\040\000M\000e\000m\000b\000e\000r\000\040\000E\000n\000u\000m\000e\000r\000a\000t\000i\000o\000n\000\040\000D\000o\000c\000u\000m\000e\000n\000t\000a\000t\000i\000o\000n}{section.3.14}% 139
\BOOKMARK [3][-]{subsubsection.3.14.6.1}{\376\377\0003\000.\0001\0004\000.\0006\000.\0001\000\040\000A\000c\000t\000i\000o\000n}{subsection.3.14.6}% 140
\BOOKMARK [2][-]{subsection.3.14.7}{\376\377\0003\000.\0001\0004\000.\0007\000\040\000C\000o\000n\000s\000t\000r\000u\000c\000t\000o\000r\000\040\000\046\000\040\000D\000e\000s\000t\000r\000u\000c\000t\000o\000r\000\040\000D\000o\000c\000u\000m\000e\000n\000t\000a\000t\000i\000o\000n}{section.3.14}% 141
\BOOKMARK [3][-]{subsubsection.3.14.7.1}{\376\377\0003\000.\0001\0004\000.\0007\000.\0001\000\040\000F\000a\000r\000m\000A\000n\000i\000m\000a\000l\000\050\000\051}{subsection.3.14.7}% 142
\BOOKMARK [3][-]{subsubsection.3.14.7.2}{\376\377\0003\000.\0001\0004\000.\0007\000.\0002\000\040\000\040\000F\000a\000r\000m\000A\000n\000i\000m\000a\000l\000\050\000\051}{subsection.3.14.7}% 143
\BOOKMARK [2][-]{subsection.3.14.8}{\376\377\0003\000.\0001\0004\000.\0008\000\040\000M\000e\000m\000b\000e\000r\000\040\000F\000u\000n\000c\000t\000i\000o\000n\000\040\000D\000o\000c\000u\000m\000e\000n\000t\000a\000t\000i\000o\000n}{section.3.14}% 144
\BOOKMARK [3][-]{subsubsection.3.14.8.1}{\376\377\0003\000.\0001\0004\000.\0008\000.\0001\000\040\000e\000a\000t\000\050\000\051}{subsection.3.14.8}% 145
\BOOKMARK [3][-]{subsubsection.3.14.8.2}{\376\377\0003\000.\0001\0004\000.\0008\000.\0002\000\040\000g\000e\000t\000K\000i\000l\000l\000a\000b\000l\000e\000\050\000\051}{subsection.3.14.8}% 146
\BOOKMARK [3][-]{subsubsection.3.14.8.3}{\376\377\0003\000.\0001\0004\000.\0008\000.\0003\000\040\000g\000e\000t\000P\000r\000o\000d\000u\000c\000e\000\050\000\051}{subsection.3.14.8}% 147
\BOOKMARK [3][-]{subsubsection.3.14.8.4}{\376\377\0003\000.\0001\0004\000.\0008\000.\0004\000\040\000i\000s\000D\000e\000a\000d\000\050\000\051}{subsection.3.14.8}% 148
\BOOKMARK [3][-]{subsubsection.3.14.8.5}{\376\377\0003\000.\0001\0004\000.\0008\000.\0005\000\040\000i\000s\000H\000u\000n\000g\000r\000y\000\050\000\051}{subsection.3.14.8}% 149
\BOOKMARK [3][-]{subsubsection.3.14.8.6}{\376\377\0003\000.\0001\0004\000.\0008\000.\0006\000\040\000m\000a\000k\000e\000N\000o\000i\000s\000e\000\050\000\051}{subsection.3.14.8}% 150
\BOOKMARK [3][-]{subsubsection.3.14.8.7}{\376\377\0003\000.\0001\0004\000.\0008\000.\0007\000\040\000p\000r\000o\000d\000u\000c\000e\000P\000r\000o\000d\000u\000c\000t\000\050\000\051}{subsection.3.14.8}% 151
\BOOKMARK [3][-]{subsubsection.3.14.8.8}{\376\377\0003\000.\0001\0004\000.\0008\000.\0008\000\040\000t\000i\000c\000k\000\050\000\051}{subsection.3.14.8}% 152
\BOOKMARK [2][-]{subsection.3.14.9}{\376\377\0003\000.\0001\0004\000.\0009\000\040\000M\000e\000m\000b\000e\000r\000\040\000D\000a\000t\000a\000\040\000D\000o\000c\000u\000m\000e\000n\000t\000a\000t\000i\000o\000n}{section.3.14}% 153
\BOOKMARK [3][-]{subsubsection.3.14.9.1}{\376\377\0003\000.\0001\0004\000.\0009\000.\0001\000\040\000m\000a\000x\000T\000i\000m\000e\000T\000o\000G\000e\000t\000H\000u\000n\000g\000r\000y}{subsection.3.14.9}% 154
\BOOKMARK [3][-]{subsubsection.3.14.9.2}{\376\377\0003\000.\0001\0004\000.\0009\000.\0002\000\040\000t\000i\000m\000e\000T\000o\000G\000e\000t\000H\000u\000n\000g\000r\000y}{subsection.3.14.9}% 155
\BOOKMARK [1][-]{section.3.15}{\376\377\0003\000.\0001\0005\000\040\000F\000a\000r\000m\000P\000r\000o\000d\000u\000c\000t\000\040\000C\000l\000a\000s\000s\000\040\000R\000e\000f\000e\000r\000e\000n\000c\000e}{chapter.3}% 156
\BOOKMARK [2][-]{subsection.3.15.1}{\376\377\0003\000.\0001\0005\000.\0001\000\040\000*}{section.3.15}% 157
\BOOKMARK [2][-]{subsection.3.15.2}{\376\377\0003\000.\0001\0005\000.\0002\000\040\000D\000e\000t\000a\000i\000l\000e\000d\000\040\000D\000e\000s\000c\000r\000i\000p\000t\000i\000o\000n}{section.3.15}% 158
\BOOKMARK [1][-]{section.3.16}{\376\377\0003\000.\0001\0006\000\040\000G\000r\000a\000s\000s\000L\000a\000n\000d\000\040\000C\000l\000a\000s\000s\000\040\000R\000e\000f\000e\000r\000e\000n\000c\000e}{chapter.3}% 159
\BOOKMARK [2][-]{subsection.3.16.1}{\376\377\0003\000.\0001\0006\000.\0001\000\040\000*}{section.3.16}% 160
\BOOKMARK [2][-]{subsection.3.16.2}{\376\377\0003\000.\0001\0006\000.\0002\000\040\000*}{section.3.16}% 161
\BOOKMARK [2][-]{subsection.3.16.3}{\376\377\0003\000.\0001\0006\000.\0003\000\040\000D\000e\000t\000a\000i\000l\000e\000d\000\040\000D\000e\000s\000c\000r\000i\000p\000t\000i\000o\000n}{section.3.16}% 162
\BOOKMARK [2][-]{subsection.3.16.4}{\376\377\0003\000.\0001\0006\000.\0004\000\040\000M\000e\000m\000b\000e\000r\000\040\000F\000u\000n\000c\000t\000i\000o\000n\000\040\000D\000o\000c\000u\000m\000e\000n\000t\000a\000t\000i\000o\000n}{section.3.16}% 163
\BOOKMARK [3][-]{subsubsection.3.16.4.1}{\376\377\0003\000.\0001\0006\000.\0004\000.\0001\000\040\000g\000e\000t\000C\000a\000t\000e\000g\000o\000r\000y\000\050\000\051}{subsection.3.16.4}% 164
\BOOKMARK [1][-]{section.3.17}{\376\377\0003\000.\0001\0007\000\040\000H\000o\000r\000s\000e\000\040\000C\000l\000a\000s\000s\000\040\000R\000e\000f\000e\000r\000e\000n\000c\000e}{chapter.3}% 165
\BOOKMARK [2][-]{subsection.3.17.1}{\376\377\0003\000.\0001\0007\000.\0001\000\040\000*}{section.3.17}% 166
\BOOKMARK [2][-]{subsection.3.17.2}{\376\377\0003\000.\0001\0007\000.\0002\000\040\000*}{section.3.17}% 167
\BOOKMARK [2][-]{subsection.3.17.3}{\376\377\0003\000.\0001\0007\000.\0003\000\040\000D\000e\000t\000a\000i\000l\000e\000d\000\040\000D\000e\000s\000c\000r\000i\000p\000t\000i\000o\000n}{section.3.17}% 168
\BOOKMARK [2][-]{subsection.3.17.4}{\376\377\0003\000.\0001\0007\000.\0004\000\040\000C\000o\000n\000s\000t\000r\000u\000c\000t\000o\000r\000\040\000\046\000\040\000D\000e\000s\000t\000r\000u\000c\000t\000o\000r\000\040\000D\000o\000c\000u\000m\000e\000n\000t\000a\000t\000i\000o\000n}{section.3.17}% 169
\BOOKMARK [3][-]{subsubsection.3.17.4.1}{\376\377\0003\000.\0001\0007\000.\0004\000.\0001\000\040\000H\000o\000r\000s\000e\000\050\000\051}{subsection.3.17.4}% 170
\BOOKMARK [2][-]{subsection.3.17.5}{\376\377\0003\000.\0001\0007\000.\0005\000\040\000M\000e\000m\000b\000e\000r\000\040\000F\000u\000n\000c\000t\000i\000o\000n\000\040\000D\000o\000c\000u\000m\000e\000n\000t\000a\000t\000i\000o\000n}{section.3.17}% 171
\BOOKMARK [3][-]{subsubsection.3.17.5.1}{\376\377\0003\000.\0001\0007\000.\0005\000.\0001\000\040\000m\000a\000k\000e\000N\000o\000i\000s\000e\000\050\000\051}{subsection.3.17.5}% 172
\BOOKMARK [3][-]{subsubsection.3.17.5.2}{\376\377\0003\000.\0001\0007\000.\0005\000.\0002\000\040\000p\000r\000o\000d\000u\000c\000e\000P\000r\000o\000d\000u\000c\000t\000\050\000\051}{subsection.3.17.5}% 173
\BOOKMARK [3][-]{subsubsection.3.17.5.3}{\376\377\0003\000.\0001\0007\000.\0005\000.\0003\000\040\000r\000e\000n\000d\000e\000r\000\050\000\051}{subsection.3.17.5}% 174
\BOOKMARK [1][-]{section.3.18}{\376\377\0003\000.\0001\0008\000\040\000H\000o\000r\000s\000e\000M\000i\000l\000k\000\040\000C\000l\000a\000s\000s\000\040\000R\000e\000f\000e\000r\000e\000n\000c\000e}{chapter.3}% 175
\BOOKMARK [2][-]{subsection.3.18.1}{\376\377\0003\000.\0001\0008\000.\0001\000\040\000*}{section.3.18}% 176
\BOOKMARK [2][-]{subsection.3.18.2}{\376\377\0003\000.\0001\0008\000.\0002\000\040\000*}{section.3.18}% 177
\BOOKMARK [2][-]{subsection.3.18.3}{\376\377\0003\000.\0001\0008\000.\0003\000\040\000D\000e\000t\000a\000i\000l\000e\000d\000\040\000D\000e\000s\000c\000r\000i\000p\000t\000i\000o\000n}{section.3.18}% 178
\BOOKMARK [2][-]{subsection.3.18.4}{\376\377\0003\000.\0001\0008\000.\0004\000\040\000M\000e\000m\000b\000e\000r\000\040\000F\000u\000n\000c\000t\000i\000o\000n\000\040\000D\000o\000c\000u\000m\000e\000n\000t\000a\000t\000i\000o\000n}{section.3.18}% 179
\BOOKMARK [3][-]{subsubsection.3.18.4.1}{\376\377\0003\000.\0001\0008\000.\0004\000.\0001\000\040\000g\000e\000t\000C\000a\000t\000e\000g\000o\000r\000y\000\050\000\051}{subsection.3.18.4}% 180
\BOOKMARK [3][-]{subsubsection.3.18.4.2}{\376\377\0003\000.\0001\0008\000.\0004\000.\0002\000\040\000g\000e\000t\000P\000r\000i\000c\000e\000\050\000\051}{subsection.3.18.4}% 181
\BOOKMARK [1][-]{section.3.19}{\376\377\0003\000.\0001\0009\000\040\000L\000a\000n\000d\000\040\000C\000l\000a\000s\000s\000\040\000R\000e\000f\000e\000r\000e\000n\000c\000e}{chapter.3}% 182
\BOOKMARK [2][-]{subsection.3.19.1}{\376\377\0003\000.\0001\0009\000.\0001\000\040\000*}{section.3.19}% 183
\BOOKMARK [2][-]{subsection.3.19.2}{\376\377\0003\000.\0001\0009\000.\0002\000\040\000*}{section.3.19}% 184
\BOOKMARK [2][-]{subsection.3.19.3}{\376\377\0003\000.\0001\0009\000.\0003\000\040\000D\000e\000t\000a\000i\000l\000e\000d\000\040\000D\000e\000s\000c\000r\000i\000p\000t\000i\000o\000n}{section.3.19}% 185
\BOOKMARK [2][-]{subsection.3.19.4}{\376\377\0003\000.\0001\0009\000.\0004\000\040\000C\000o\000n\000s\000t\000r\000u\000c\000t\000o\000r\000\040\000\046\000\040\000D\000e\000s\000t\000r\000u\000c\000t\000o\000r\000\040\000D\000o\000c\000u\000m\000e\000n\000t\000a\000t\000i\000o\000n}{section.3.19}% 186
\BOOKMARK [3][-]{subsubsection.3.19.4.1}{\376\377\0003\000.\0001\0009\000.\0004\000.\0001\000\040\000\040\000L\000a\000n\000d\000\050\000\051}{subsection.3.19.4}% 187
\BOOKMARK [2][-]{subsection.3.19.5}{\376\377\0003\000.\0001\0009\000.\0005\000\040\000M\000e\000m\000b\000e\000r\000\040\000F\000u\000n\000c\000t\000i\000o\000n\000\040\000D\000o\000c\000u\000m\000e\000n\000t\000a\000t\000i\000o\000n}{section.3.19}% 188
\BOOKMARK [3][-]{subsubsection.3.19.5.1}{\376\377\0003\000.\0001\0009\000.\0005\000.\0001\000\040\000g\000r\000o\000w\000G\000r\000a\000s\000s\000\050\000\051}{subsection.3.19.5}% 189
\BOOKMARK [3][-]{subsubsection.3.19.5.2}{\376\377\0003\000.\0001\0009\000.\0005\000.\0002\000\040\000i\000s\000F\000a\000c\000i\000l\000i\000t\000y\000\050\000\051}{subsection.3.19.5}% 190
\BOOKMARK [3][-]{subsubsection.3.19.5.3}{\376\377\0003\000.\0001\0009\000.\0005\000.\0003\000\040\000i\000s\000G\000r\000a\000s\000s\000E\000x\000i\000s\000t\000\050\000\051}{subsection.3.19.5}% 191
\BOOKMARK [3][-]{subsubsection.3.19.5.4}{\376\377\0003\000.\0001\0009\000.\0005\000.\0004\000\040\000r\000e\000m\000o\000v\000e\000G\000r\000a\000s\000s\000\050\000\051}{subsection.3.19.5}% 192
\BOOKMARK [1][-]{section.3.20}{\376\377\0003\000.\0002\0000\000\040\000L\000i\000n\000k\000e\000d\000L\000i\000s\000t\000<\000\040\000T\000\040\000>\000\040\000C\000l\000a\000s\000s\000\040\000T\000e\000m\000p\000l\000a\000t\000e\000\040\000R\000e\000f\000e\000r\000e\000n\000c\000e}{chapter.3}% 193
\BOOKMARK [2][-]{subsection.3.20.1}{\376\377\0003\000.\0002\0000\000.\0001\000\040\000*}{section.3.20}% 194
\BOOKMARK [2][-]{subsection.3.20.2}{\376\377\0003\000.\0002\0000\000.\0002\000\040\000D\000e\000t\000a\000i\000l\000e\000d\000\040\000D\000e\000s\000c\000r\000i\000p\000t\000i\000o\000n}{section.3.20}% 195
\BOOKMARK [2][-]{subsection.3.20.3}{\376\377\0003\000.\0002\0000\000.\0003\000\040\000C\000o\000n\000s\000t\000r\000u\000c\000t\000o\000r\000\040\000\046\000\040\000D\000e\000s\000t\000r\000u\000c\000t\000o\000r\000\040\000D\000o\000c\000u\000m\000e\000n\000t\000a\000t\000i\000o\000n}{section.3.20}% 196
\BOOKMARK [3][-]{subsubsection.3.20.3.1}{\376\377\0003\000.\0002\0000\000.\0003\000.\0001\000\040\000L\000i\000n\000k\000e\000d\000L\000i\000s\000t\000\050\000\051\000\040\000[\0001\000/\0003\000]}{subsection.3.20.3}% 197
\BOOKMARK [3][-]{subsubsection.3.20.3.2}{\376\377\0003\000.\0002\0000\000.\0003\000.\0002\000\040\000L\000i\000n\000k\000e\000d\000L\000i\000s\000t\000\050\000\051\000\040\000[\0002\000/\0003\000]}{subsection.3.20.3}% 198
\BOOKMARK [3][-]{subsubsection.3.20.3.3}{\376\377\0003\000.\0002\0000\000.\0003\000.\0003\000\040\000L\000i\000n\000k\000e\000d\000L\000i\000s\000t\000\050\000\051\000\040\000[\0003\000/\0003\000]}{subsection.3.20.3}% 199
\BOOKMARK [3][-]{subsubsection.3.20.3.4}{\376\377\0003\000.\0002\0000\000.\0003\000.\0004\000\040\000\040\000L\000i\000n\000k\000e\000d\000L\000i\000s\000t\000\050\000\051}{subsection.3.20.3}% 200
\BOOKMARK [2][-]{subsection.3.20.4}{\376\377\0003\000.\0002\0000\000.\0004\000\040\000M\000e\000m\000b\000e\000r\000\040\000F\000u\000n\000c\000t\000i\000o\000n\000\040\000D\000o\000c\000u\000m\000e\000n\000t\000a\000t\000i\000o\000n}{section.3.20}% 201
\BOOKMARK [3][-]{subsubsection.3.20.4.1}{\376\377\0003\000.\0002\0000\000.\0004\000.\0001\000\040\000a\000d\000d\000\050\000\051}{subsection.3.20.4}% 202
\BOOKMARK [3][-]{subsubsection.3.20.4.2}{\376\377\0003\000.\0002\0000\000.\0004\000.\0002\000\040\000f\000i\000n\000d\000\050\000\051}{subsection.3.20.4}% 203
\BOOKMARK [3][-]{subsubsection.3.20.4.3}{\376\377\0003\000.\0002\0000\000.\0004\000.\0003\000\040\000f\000i\000n\000d\000P\000o\000i\000n\000t\000e\000r\000\050\000\051}{subsection.3.20.4}% 204
\BOOKMARK [3][-]{subsubsection.3.20.4.4}{\376\377\0003\000.\0002\0000\000.\0004\000.\0004\000\040\000g\000e\000t\000\050\000\051}{subsection.3.20.4}% 205
\BOOKMARK [3][-]{subsubsection.3.20.4.5}{\376\377\0003\000.\0002\0000\000.\0004\000.\0005\000\040\000i\000s\000E\000m\000p\000t\000y\000\050\000\051}{subsection.3.20.4}% 206
\BOOKMARK [3][-]{subsubsection.3.20.4.6}{\376\377\0003\000.\0002\0000\000.\0004\000.\0006\000\040\000l\000e\000n\000\050\000\051}{subsection.3.20.4}% 207
\BOOKMARK [3][-]{subsubsection.3.20.4.7}{\376\377\0003\000.\0002\0000\000.\0004\000.\0007\000\040\000o\000p\000e\000r\000a\000t\000o\000r\000=\000\050\000\051}{subsection.3.20.4}% 208
\BOOKMARK [3][-]{subsubsection.3.20.4.8}{\376\377\0003\000.\0002\0000\000.\0004\000.\0008\000\040\000o\000p\000e\000r\000a\000t\000o\000r\000[\000]\000\050\000\051}{subsection.3.20.4}% 209
\BOOKMARK [3][-]{subsubsection.3.20.4.9}{\376\377\0003\000.\0002\0000\000.\0004\000.\0009\000\040\000p\000r\000i\000n\000t\000\050\000\051}{subsection.3.20.4}% 210
\BOOKMARK [3][-]{subsubsection.3.20.4.10}{\376\377\0003\000.\0002\0000\000.\0004\000.\0001\0000\000\040\000r\000e\000m\000o\000v\000e\000\050\000\051}{subsection.3.20.4}% 211
\BOOKMARK [3][-]{subsubsection.3.20.4.11}{\376\377\0003\000.\0002\0000\000.\0004\000.\0001\0001\000\040\000r\000e\000m\000o\000v\000e\000I\000d\000x\000\050\000\051}{subsection.3.20.4}% 212
\BOOKMARK [1][-]{section.3.21}{\376\377\0003\000.\0002\0001\000\040\000L\000i\000n\000k\000e\000d\000L\000i\000s\000t\000N\000o\000d\000e\000<\000\040\000T\000\040\000>\000\040\000C\000l\000a\000s\000s\000\040\000T\000e\000m\000p\000l\000a\000t\000e\000\040\000R\000e\000f\000e\000r\000e\000n\000c\000e}{chapter.3}% 213
\BOOKMARK [2][-]{subsection.3.21.1}{\376\377\0003\000.\0002\0001\000.\0001\000\040\000*}{section.3.21}% 214
\BOOKMARK [2][-]{subsection.3.21.2}{\376\377\0003\000.\0002\0001\000.\0002\000\040\000*}{section.3.21}% 215
\BOOKMARK [2][-]{subsection.3.21.3}{\376\377\0003\000.\0002\0001\000.\0003\000\040\000D\000e\000t\000a\000i\000l\000e\000d\000\040\000D\000e\000s\000c\000r\000i\000p\000t\000i\000o\000n}{section.3.21}% 216
\BOOKMARK [2][-]{subsection.3.21.4}{\376\377\0003\000.\0002\0001\000.\0004\000\040\000C\000o\000n\000s\000t\000r\000u\000c\000t\000o\000r\000\040\000\046\000\040\000D\000e\000s\000t\000r\000u\000c\000t\000o\000r\000\040\000D\000o\000c\000u\000m\000e\000n\000t\000a\000t\000i\000o\000n}{section.3.21}% 217
\BOOKMARK [3][-]{subsubsection.3.21.4.1}{\376\377\0003\000.\0002\0001\000.\0004\000.\0001\000\040\000L\000i\000n\000k\000e\000d\000L\000i\000s\000t\000N\000o\000d\000e\000\050\000\051}{subsection.3.21.4}% 218
\BOOKMARK [3][-]{subsubsection.3.21.4.2}{\376\377\0003\000.\0002\0001\000.\0004\000.\0002\000\040\000\040\000L\000i\000n\000k\000e\000d\000L\000i\000s\000t\000N\000o\000d\000e\000\050\000\051}{subsection.3.21.4}% 219
\BOOKMARK [2][-]{subsection.3.21.5}{\376\377\0003\000.\0002\0001\000.\0005\000\040\000M\000e\000m\000b\000e\000r\000\040\000D\000a\000t\000a\000\040\000D\000o\000c\000u\000m\000e\000n\000t\000a\000t\000i\000o\000n}{section.3.21}% 220
\BOOKMARK [3][-]{subsubsection.3.21.5.1}{\376\377\0003\000.\0002\0001\000.\0005\000.\0001\000\040\000L\000i\000n\000k\000e\000d\000L\000i\000s\000t\000<\000\040\000T\000\040\000>}{subsection.3.21.5}% 221
\BOOKMARK [1][-]{section.3.22}{\376\377\0003\000.\0002\0002\000\040\000L\000i\000v\000i\000n\000g\000T\000h\000i\000n\000g\000\040\000C\000l\000a\000s\000s\000\040\000R\000e\000f\000e\000r\000e\000n\000c\000e}{chapter.3}% 222
\BOOKMARK [2][-]{subsection.3.22.1}{\376\377\0003\000.\0002\0002\000.\0001\000\040\000*}{section.3.22}% 223
\BOOKMARK [2][-]{subsection.3.22.2}{\376\377\0003\000.\0002\0002\000.\0002\000\040\000*}{section.3.22}% 224
\BOOKMARK [2][-]{subsection.3.22.3}{\376\377\0003\000.\0002\0002\000.\0003\000\040\000D\000e\000t\000a\000i\000l\000e\000d\000\040\000D\000e\000s\000c\000r\000i\000p\000t\000i\000o\000n}{section.3.22}% 225
\BOOKMARK [2][-]{subsection.3.22.4}{\376\377\0003\000.\0002\0002\000.\0004\000\040\000C\000o\000n\000s\000t\000r\000u\000c\000t\000o\000r\000\040\000\046\000\040\000D\000e\000s\000t\000r\000u\000c\000t\000o\000r\000\040\000D\000o\000c\000u\000m\000e\000n\000t\000a\000t\000i\000o\000n}{section.3.22}% 226
\BOOKMARK [3][-]{subsubsection.3.22.4.1}{\376\377\0003\000.\0002\0002\000.\0004\000.\0001\000\040\000L\000i\000v\000i\000n\000g\000T\000h\000i\000n\000g\000\050\000\051}{subsection.3.22.4}% 227
\BOOKMARK [3][-]{subsubsection.3.22.4.2}{\376\377\0003\000.\0002\0002\000.\0004\000.\0002\000\040\000\040\000L\000i\000v\000i\000n\000g\000T\000h\000i\000n\000g\000\050\000\051}{subsection.3.22.4}% 228
\BOOKMARK [2][-]{subsection.3.22.5}{\376\377\0003\000.\0002\0002\000.\0005\000\040\000M\000e\000m\000b\000e\000r\000\040\000F\000u\000n\000c\000t\000i\000o\000n\000\040\000D\000o\000c\000u\000m\000e\000n\000t\000a\000t\000i\000o\000n}{section.3.22}% 229
\BOOKMARK [3][-]{subsubsection.3.22.5.1}{\376\377\0003\000.\0002\0002\000.\0005\000.\0001\000\040\000g\000e\000t\000P\000o\000s\000i\000t\000i\000o\000n\000\050\000\051}{subsection.3.22.5}% 230
\BOOKMARK [3][-]{subsubsection.3.22.5.2}{\376\377\0003\000.\0002\0002\000.\0005\000.\0002\000\040\000m\000o\000v\000e\000\050\000\051}{subsection.3.22.5}% 231
\BOOKMARK [3][-]{subsubsection.3.22.5.3}{\376\377\0003\000.\0002\0002\000.\0005\000.\0003\000\040\000r\000e\000n\000d\000e\000r\000\050\000\051}{subsection.3.22.5}% 232
\BOOKMARK [2][-]{subsection.3.22.6}{\376\377\0003\000.\0002\0002\000.\0006\000\040\000M\000e\000m\000b\000e\000r\000\040\000D\000a\000t\000a\000\040\000D\000o\000c\000u\000m\000e\000n\000t\000a\000t\000i\000o\000n}{section.3.22}% 233
\BOOKMARK [3][-]{subsubsection.3.22.6.1}{\376\377\0003\000.\0002\0002\000.\0006\000.\0001\000\040\000n\000C\000o\000l\000l\000u\000m\000n\000C\000e\000l\000l}{subsection.3.22.6}% 234
\BOOKMARK [3][-]{subsubsection.3.22.6.2}{\376\377\0003\000.\0002\0002\000.\0006\000.\0002\000\040\000n\000R\000o\000w\000C\000e\000l\000l}{subsection.3.22.6}% 235
\BOOKMARK [3][-]{subsubsection.3.22.6.3}{\376\377\0003\000.\0002\0002\000.\0006\000.\0003\000\040\000w\000o\000r\000l\000d\000M\000a\000p}{subsection.3.22.6}% 236
\BOOKMARK [1][-]{section.3.23}{\376\377\0003\000.\0002\0003\000\040\000M\000e\000a\000t\000P\000r\000o\000d\000u\000c\000e\000r\000\040\000C\000l\000a\000s\000s\000\040\000R\000e\000f\000e\000r\000e\000n\000c\000e}{chapter.3}% 237
\BOOKMARK [2][-]{subsection.3.23.1}{\376\377\0003\000.\0002\0003\000.\0001\000\040\000*}{section.3.23}% 238
\BOOKMARK [2][-]{subsection.3.23.2}{\376\377\0003\000.\0002\0003\000.\0002\000\040\000*}{section.3.23}% 239
\BOOKMARK [2][-]{subsection.3.23.3}{\376\377\0003\000.\0002\0003\000.\0003\000\040\000D\000e\000t\000a\000i\000l\000e\000d\000\040\000D\000e\000s\000c\000r\000i\000p\000t\000i\000o\000n}{section.3.23}% 240
\BOOKMARK [2][-]{subsection.3.23.4}{\376\377\0003\000.\0002\0003\000.\0004\000\040\000C\000o\000n\000s\000t\000r\000u\000c\000t\000o\000r\000\040\000\046\000\040\000D\000e\000s\000t\000r\000u\000c\000t\000o\000r\000\040\000D\000o\000c\000u\000m\000e\000n\000t\000a\000t\000i\000o\000n}{section.3.23}% 241
\BOOKMARK [3][-]{subsubsection.3.23.4.1}{\376\377\0003\000.\0002\0003\000.\0004\000.\0001\000\040\000M\000e\000a\000t\000P\000r\000o\000d\000u\000c\000e\000r\000\050\000\051}{subsection.3.23.4}% 242
\BOOKMARK [3][-]{subsubsection.3.23.4.2}{\376\377\0003\000.\0002\0003\000.\0004\000.\0002\000\040\000\040\000M\000e\000a\000t\000P\000r\000o\000d\000u\000c\000e\000r\000\050\000\051}{subsection.3.23.4}% 243
\BOOKMARK [2][-]{subsection.3.23.5}{\376\377\0003\000.\0002\0003\000.\0005\000\040\000M\000e\000m\000b\000e\000r\000\040\000F\000u\000n\000c\000t\000i\000o\000n\000\040\000D\000o\000c\000u\000m\000e\000n\000t\000a\000t\000i\000o\000n}{section.3.23}% 244
\BOOKMARK [3][-]{subsubsection.3.23.5.1}{\376\377\0003\000.\0002\0003\000.\0005\000.\0001\000\040\000g\000e\000t\000K\000i\000l\000l\000a\000b\000l\000e\000\050\000\051}{subsection.3.23.5}% 245
\BOOKMARK [3][-]{subsubsection.3.23.5.2}{\376\377\0003\000.\0002\0003\000.\0005\000.\0002\000\040\000g\000e\000t\000P\000r\000o\000d\000u\000c\000e\000\050\000\051}{subsection.3.23.5}% 246
\BOOKMARK [1][-]{section.3.24}{\376\377\0003\000.\0002\0004\000\040\000M\000i\000l\000k\000P\000r\000o\000d\000u\000c\000e\000r\000\040\000C\000l\000a\000s\000s\000\040\000R\000e\000f\000e\000r\000e\000n\000c\000e}{chapter.3}% 247
\BOOKMARK [2][-]{subsection.3.24.1}{\376\377\0003\000.\0002\0004\000.\0001\000\040\000*}{section.3.24}% 248
\BOOKMARK [2][-]{subsection.3.24.2}{\376\377\0003\000.\0002\0004\000.\0002\000\040\000*}{section.3.24}% 249
\BOOKMARK [2][-]{subsection.3.24.3}{\376\377\0003\000.\0002\0004\000.\0003\000\040\000*}{section.3.24}% 250
\BOOKMARK [2][-]{subsection.3.24.4}{\376\377\0003\000.\0002\0004\000.\0004\000\040\000D\000e\000t\000a\000i\000l\000e\000d\000\040\000D\000e\000s\000c\000r\000i\000p\000t\000i\000o\000n}{section.3.24}% 251
\BOOKMARK [2][-]{subsection.3.24.5}{\376\377\0003\000.\0002\0004\000.\0005\000\040\000C\000o\000n\000s\000t\000r\000u\000c\000t\000o\000r\000\040\000\046\000\040\000D\000e\000s\000t\000r\000u\000c\000t\000o\000r\000\040\000D\000o\000c\000u\000m\000e\000n\000t\000a\000t\000i\000o\000n}{section.3.24}% 252
\BOOKMARK [3][-]{subsubsection.3.24.5.1}{\376\377\0003\000.\0002\0004\000.\0005\000.\0001\000\040\000M\000i\000l\000k\000P\000r\000o\000d\000u\000c\000e\000r\000\050\000\051}{subsection.3.24.5}% 253
\BOOKMARK [3][-]{subsubsection.3.24.5.2}{\376\377\0003\000.\0002\0004\000.\0005\000.\0002\000\040\000\040\000M\000i\000l\000k\000P\000r\000o\000d\000u\000c\000e\000r\000\050\000\051}{subsection.3.24.5}% 254
\BOOKMARK [2][-]{subsection.3.24.6}{\376\377\0003\000.\0002\0004\000.\0006\000\040\000M\000e\000m\000b\000e\000r\000\040\000F\000u\000n\000c\000t\000i\000o\000n\000\040\000D\000o\000c\000u\000m\000e\000n\000t\000a\000t\000i\000o\000n}{section.3.24}% 255
\BOOKMARK [3][-]{subsubsection.3.24.6.1}{\376\377\0003\000.\0002\0004\000.\0006\000.\0001\000\040\000g\000e\000t\000K\000i\000l\000l\000a\000b\000l\000e\000\050\000\051}{subsection.3.24.6}% 256
\BOOKMARK [3][-]{subsubsection.3.24.6.2}{\376\377\0003\000.\0002\0004\000.\0006\000.\0002\000\040\000g\000e\000t\000P\000r\000o\000d\000u\000c\000e\000\050\000\051}{subsection.3.24.6}% 257
\BOOKMARK [2][-]{subsection.3.24.7}{\376\377\0003\000.\0002\0004\000.\0007\000\040\000M\000e\000m\000b\000e\000r\000\040\000D\000a\000t\000a\000\040\000D\000o\000c\000u\000m\000e\000n\000t\000a\000t\000i\000o\000n}{section.3.24}% 258
\BOOKMARK [3][-]{subsubsection.3.24.7.1}{\376\377\0003\000.\0002\0004\000.\0007\000.\0001\000\040\000c\000a\000n\000P\000r\000o\000d\000u\000c\000e}{subsection.3.24.7}% 259
\BOOKMARK [1][-]{section.3.25}{\376\377\0003\000.\0002\0005\000\040\000M\000i\000x\000e\000r\000\040\000C\000l\000a\000s\000s\000\040\000R\000e\000f\000e\000r\000e\000n\000c\000e}{chapter.3}% 260
\BOOKMARK [2][-]{subsection.3.25.1}{\376\377\0003\000.\0002\0005\000.\0001\000\040\000*}{section.3.25}% 261
\BOOKMARK [2][-]{subsection.3.25.2}{\376\377\0003\000.\0002\0005\000.\0002\000\040\000*}{section.3.25}% 262
\BOOKMARK [2][-]{subsection.3.25.3}{\376\377\0003\000.\0002\0005\000.\0003\000\040\000D\000e\000t\000a\000i\000l\000e\000d\000\040\000D\000e\000s\000c\000r\000i\000p\000t\000i\000o\000n}{section.3.25}% 263
\BOOKMARK [2][-]{subsection.3.25.4}{\376\377\0003\000.\0002\0005\000.\0004\000\040\000M\000e\000m\000b\000e\000r\000\040\000F\000u\000n\000c\000t\000i\000o\000n\000\040\000D\000o\000c\000u\000m\000e\000n\000t\000a\000t\000i\000o\000n}{section.3.25}% 264
\BOOKMARK [3][-]{subsubsection.3.25.4.1}{\376\377\0003\000.\0002\0005\000.\0004\000.\0001\000\040\000g\000e\000t\000C\000a\000t\000e\000g\000o\000r\000y\000\050\000\051}{subsection.3.25.4}% 265
\BOOKMARK [1][-]{section.3.26}{\376\377\0003\000.\0002\0006\000\040\000O\000s\000t\000r\000i\000c\000h\000\040\000C\000l\000a\000s\000s\000\040\000R\000e\000f\000e\000r\000e\000n\000c\000e}{chapter.3}% 266
\BOOKMARK [2][-]{subsection.3.26.1}{\376\377\0003\000.\0002\0006\000.\0001\000\040\000*}{section.3.26}% 267
\BOOKMARK [2][-]{subsection.3.26.2}{\376\377\0003\000.\0002\0006\000.\0002\000\040\000*}{section.3.26}% 268
\BOOKMARK [2][-]{subsection.3.26.3}{\376\377\0003\000.\0002\0006\000.\0003\000\040\000D\000e\000t\000a\000i\000l\000e\000d\000\040\000D\000e\000s\000c\000r\000i\000p\000t\000i\000o\000n}{section.3.26}% 269
\BOOKMARK [2][-]{subsection.3.26.4}{\376\377\0003\000.\0002\0006\000.\0004\000\040\000C\000o\000n\000s\000t\000r\000u\000c\000t\000o\000r\000\040\000\046\000\040\000D\000e\000s\000t\000r\000u\000c\000t\000o\000r\000\040\000D\000o\000c\000u\000m\000e\000n\000t\000a\000t\000i\000o\000n}{section.3.26}% 270
\BOOKMARK [3][-]{subsubsection.3.26.4.1}{\376\377\0003\000.\0002\0006\000.\0004\000.\0001\000\040\000O\000s\000t\000r\000i\000c\000h\000\050\000\051}{subsection.3.26.4}% 271
\BOOKMARK [2][-]{subsection.3.26.5}{\376\377\0003\000.\0002\0006\000.\0005\000\040\000M\000e\000m\000b\000e\000r\000\040\000F\000u\000n\000c\000t\000i\000o\000n\000\040\000D\000o\000c\000u\000m\000e\000n\000t\000a\000t\000i\000o\000n}{section.3.26}% 272
\BOOKMARK [3][-]{subsubsection.3.26.5.1}{\376\377\0003\000.\0002\0006\000.\0005\000.\0001\000\040\000m\000a\000k\000e\000N\000o\000i\000s\000e\000\050\000\051}{subsection.3.26.5}% 273
\BOOKMARK [3][-]{subsubsection.3.26.5.2}{\376\377\0003\000.\0002\0006\000.\0005\000.\0002\000\040\000p\000r\000o\000d\000u\000c\000e\000P\000r\000o\000d\000u\000c\000t\000\050\000\051}{subsection.3.26.5}% 274
\BOOKMARK [3][-]{subsubsection.3.26.5.3}{\376\377\0003\000.\0002\0006\000.\0005\000.\0003\000\040\000r\000e\000n\000d\000e\000r\000\050\000\051}{subsection.3.26.5}% 275
\BOOKMARK [1][-]{section.3.27}{\376\377\0003\000.\0002\0007\000\040\000O\000s\000t\000r\000i\000c\000h\000E\000g\000g\000\040\000C\000l\000a\000s\000s\000\040\000R\000e\000f\000e\000r\000e\000n\000c\000e}{chapter.3}% 276
\BOOKMARK [2][-]{subsection.3.27.1}{\376\377\0003\000.\0002\0007\000.\0001\000\040\000*}{section.3.27}% 277
\BOOKMARK [2][-]{subsection.3.27.2}{\376\377\0003\000.\0002\0007\000.\0002\000\040\000*}{section.3.27}% 278
\BOOKMARK [2][-]{subsection.3.27.3}{\376\377\0003\000.\0002\0007\000.\0003\000\040\000D\000e\000t\000a\000i\000l\000e\000d\000\040\000D\000e\000s\000c\000r\000i\000p\000t\000i\000o\000n}{section.3.27}% 279
\BOOKMARK [2][-]{subsection.3.27.4}{\376\377\0003\000.\0002\0007\000.\0004\000\040\000M\000e\000m\000b\000e\000r\000\040\000F\000u\000n\000c\000t\000i\000o\000n\000\040\000D\000o\000c\000u\000m\000e\000n\000t\000a\000t\000i\000o\000n}{section.3.27}% 280
\BOOKMARK [3][-]{subsubsection.3.27.4.1}{\376\377\0003\000.\0002\0007\000.\0004\000.\0001\000\040\000g\000e\000t\000C\000a\000t\000e\000g\000o\000r\000y\000\050\000\051}{subsection.3.27.4}% 281
\BOOKMARK [3][-]{subsubsection.3.27.4.2}{\376\377\0003\000.\0002\0007\000.\0004\000.\0002\000\040\000g\000e\000t\000P\000r\000i\000c\000e\000\050\000\051}{subsection.3.27.4}% 282
\BOOKMARK [1][-]{section.3.28}{\376\377\0003\000.\0002\0008\000\040\000P\000l\000a\000y\000e\000r\000\040\000C\000l\000a\000s\000s\000\040\000R\000e\000f\000e\000r\000e\000n\000c\000e}{chapter.3}% 283
\BOOKMARK [2][-]{subsection.3.28.1}{\376\377\0003\000.\0002\0008\000.\0001\000\040\000*}{section.3.28}% 284
\BOOKMARK [2][-]{subsection.3.28.2}{\376\377\0003\000.\0002\0008\000.\0002\000\040\000*}{section.3.28}% 285
\BOOKMARK [2][-]{subsection.3.28.3}{\376\377\0003\000.\0002\0008\000.\0003\000\040\000D\000e\000t\000a\000i\000l\000e\000d\000\040\000D\000e\000s\000c\000r\000i\000p\000t\000i\000o\000n}{section.3.28}% 286
\BOOKMARK [2][-]{subsection.3.28.4}{\376\377\0003\000.\0002\0008\000.\0004\000\040\000C\000o\000n\000s\000t\000r\000u\000c\000t\000o\000r\000\040\000\046\000\040\000D\000e\000s\000t\000r\000u\000c\000t\000o\000r\000\040\000D\000o\000c\000u\000m\000e\000n\000t\000a\000t\000i\000o\000n}{section.3.28}% 287
\BOOKMARK [3][-]{subsubsection.3.28.4.1}{\376\377\0003\000.\0002\0008\000.\0004\000.\0001\000\040\000P\000l\000a\000y\000e\000r\000\050\000\051}{subsection.3.28.4}% 288
\BOOKMARK [3][-]{subsubsection.3.28.4.2}{\376\377\0003\000.\0002\0008\000.\0004\000.\0002\000\040\000\040\000P\000l\000a\000y\000e\000r\000\050\000\051}{subsection.3.28.4}% 289
\BOOKMARK [2][-]{subsection.3.28.5}{\376\377\0003\000.\0002\0008\000.\0005\000\040\000M\000e\000m\000b\000e\000r\000\040\000F\000u\000n\000c\000t\000i\000o\000n\000\040\000D\000o\000c\000u\000m\000e\000n\000t\000a\000t\000i\000o\000n}{section.3.28}% 290
\BOOKMARK [3][-]{subsubsection.3.28.5.1}{\376\377\0003\000.\0002\0008\000.\0005\000.\0001\000\040\000g\000e\000t\000I\000n\000v\000e\000n\000t\000o\000r\000y\000\050\000\051}{subsection.3.28.5}% 291
\BOOKMARK [3][-]{subsubsection.3.28.5.2}{\376\377\0003\000.\0002\0008\000.\0005\000.\0002\000\040\000g\000e\000t\000M\000o\000n\000e\000y\000\050\000\051}{subsection.3.28.5}% 292
\BOOKMARK [3][-]{subsubsection.3.28.5.3}{\376\377\0003\000.\0002\0008\000.\0005\000.\0003\000\040\000g\000e\000t\000r\000e\000c\000i\000p\000e\000B\000o\000o\000k\000\050\000\051}{subsection.3.28.5}% 293
\BOOKMARK [3][-]{subsubsection.3.28.5.4}{\376\377\0003\000.\0002\0008\000.\0005\000.\0004\000\040\000g\000e\000t\000W\000a\000t\000e\000r\000\050\000\051}{subsection.3.28.5}% 294
\BOOKMARK [3][-]{subsubsection.3.28.5.5}{\376\377\0003\000.\0002\0008\000.\0005\000.\0005\000\040\000g\000r\000o\000w\000\050\000\051}{subsection.3.28.5}% 295
\BOOKMARK [3][-]{subsubsection.3.28.5.6}{\376\377\0003\000.\0002\0008\000.\0005\000.\0006\000\040\000i\000n\000t\000e\000r\000a\000c\000t\000\050\000\051}{subsection.3.28.5}% 296
\BOOKMARK [3][-]{subsubsection.3.28.5.7}{\376\377\0003\000.\0002\0008\000.\0005\000.\0007\000\040\000k\000i\000l\000l\000\050\000\051}{subsection.3.28.5}% 297
\BOOKMARK [3][-]{subsubsection.3.28.5.8}{\376\377\0003\000.\0002\0008\000.\0005\000.\0008\000\040\000m\000i\000x\000\050\000\051}{subsection.3.28.5}% 298
\BOOKMARK [3][-]{subsubsection.3.28.5.9}{\376\377\0003\000.\0002\0008\000.\0005\000.\0009\000\040\000r\000e\000n\000d\000e\000r\000\050\000\051}{subsection.3.28.5}% 299
\BOOKMARK [3][-]{subsubsection.3.28.5.10}{\376\377\0003\000.\0002\0008\000.\0005\000.\0001\0000\000\040\000s\000e\000l\000l\000A\000l\000l\000\050\000\051}{subsection.3.28.5}% 300
\BOOKMARK [3][-]{subsubsection.3.28.5.11}{\376\377\0003\000.\0002\0008\000.\0005\000.\0001\0001\000\040\000t\000a\000k\000e\000W\000a\000t\000e\000r\000\050\000\051}{subsection.3.28.5}% 301
\BOOKMARK [3][-]{subsubsection.3.28.5.12}{\376\377\0003\000.\0002\0008\000.\0005\000.\0001\0002\000\040\000t\000a\000l\000k\000\050\000\051}{subsection.3.28.5}% 302
\BOOKMARK [1][-]{section.3.29}{\376\377\0003\000.\0002\0009\000\040\000P\000o\000i\000n\000t\000\040\000S\000t\000r\000u\000c\000t\000\040\000R\000e\000f\000e\000r\000e\000n\000c\000e}{chapter.3}% 303
\BOOKMARK [2][-]{subsection.3.29.1}{\376\377\0003\000.\0002\0009\000.\0001\000\040\000*}{section.3.29}% 304
\BOOKMARK [2][-]{subsection.3.29.2}{\376\377\0003\000.\0002\0009\000.\0002\000\040\000D\000e\000t\000a\000i\000l\000e\000d\000\040\000D\000e\000s\000c\000r\000i\000p\000t\000i\000o\000n}{section.3.29}% 305
\BOOKMARK [2][-]{subsection.3.29.3}{\376\377\0003\000.\0002\0009\000.\0003\000\040\000M\000e\000m\000b\000e\000r\000\040\000D\000a\000t\000a\000\040\000D\000o\000c\000u\000m\000e\000n\000t\000a\000t\000i\000o\000n}{section.3.29}% 306
\BOOKMARK [3][-]{subsubsection.3.29.3.1}{\376\377\0003\000.\0002\0009\000.\0003\000.\0001\000\040\000x}{subsection.3.29.3}% 307
\BOOKMARK [3][-]{subsubsection.3.29.3.2}{\376\377\0003\000.\0002\0009\000.\0003\000.\0002\000\040\000y}{subsection.3.29.3}% 308
\BOOKMARK [1][-]{section.3.30}{\376\377\0003\000.\0003\0000\000\040\000P\000r\000o\000d\000u\000c\000t\000\040\000C\000l\000a\000s\000s\000\040\000R\000e\000f\000e\000r\000e\000n\000c\000e}{chapter.3}% 309
\BOOKMARK [2][-]{subsection.3.30.1}{\376\377\0003\000.\0003\0000\000.\0001\000\040\000*}{section.3.30}% 310
\BOOKMARK [2][-]{subsection.3.30.2}{\376\377\0003\000.\0003\0000\000.\0002\000\040\000*}{section.3.30}% 311
\BOOKMARK [2][-]{subsection.3.30.3}{\376\377\0003\000.\0003\0000\000.\0003\000\040\000D\000e\000t\000a\000i\000l\000e\000d\000\040\000D\000e\000s\000c\000r\000i\000p\000t\000i\000o\000n}{section.3.30}% 312
\BOOKMARK [2][-]{subsection.3.30.4}{\376\377\0003\000.\0003\0000\000.\0004\000\040\000M\000e\000m\000b\000e\000r\000\040\000E\000n\000u\000m\000e\000r\000a\000t\000i\000o\000n\000\040\000D\000o\000c\000u\000m\000e\000n\000t\000a\000t\000i\000o\000n}{section.3.30}% 313
\BOOKMARK [3][-]{subsubsection.3.30.4.1}{\376\377\0003\000.\0003\0000\000.\0004\000.\0001\000\040\000C\000a\000t\000e\000g\000o\000r\000y}{subsection.3.30.4}% 314
\BOOKMARK [2][-]{subsection.3.30.5}{\376\377\0003\000.\0003\0000\000.\0005\000\040\000M\000e\000m\000b\000e\000r\000\040\000F\000u\000n\000c\000t\000i\000o\000n\000\040\000D\000o\000c\000u\000m\000e\000n\000t\000a\000t\000i\000o\000n}{section.3.30}% 315
\BOOKMARK [3][-]{subsubsection.3.30.5.1}{\376\377\0003\000.\0003\0000\000.\0005\000.\0001\000\040\000g\000e\000t\000C\000a\000t\000e\000g\000o\000r\000y\000\050\000\051}{subsection.3.30.5}% 316
\BOOKMARK [3][-]{subsubsection.3.30.5.2}{\376\377\0003\000.\0003\0000\000.\0005\000.\0002\000\040\000g\000e\000t\000P\000r\000i\000c\000e\000\050\000\051}{subsection.3.30.5}% 317
\BOOKMARK [3][-]{subsubsection.3.30.5.3}{\376\377\0003\000.\0003\0000\000.\0005\000.\0003\000\040\000o\000p\000e\000r\000a\000t\000o\000r\000!\000=\000\050\000\051}{subsection.3.30.5}% 318
\BOOKMARK [3][-]{subsubsection.3.30.5.4}{\376\377\0003\000.\0003\0000\000.\0005\000.\0004\000\040\000o\000p\000e\000r\000a\000t\000o\000r\000=\000=\000\050\000\051}{subsection.3.30.5}% 319
\BOOKMARK [1][-]{section.3.31}{\376\377\0003\000.\0003\0001\000\040\000S\000h\000e\000e\000p\000\040\000C\000l\000a\000s\000s\000\040\000R\000e\000f\000e\000r\000e\000n\000c\000e}{chapter.3}% 320
\BOOKMARK [2][-]{subsection.3.31.1}{\376\377\0003\000.\0003\0001\000.\0001\000\040\000*}{section.3.31}% 321
\BOOKMARK [2][-]{subsection.3.31.2}{\376\377\0003\000.\0003\0001\000.\0002\000\040\000*}{section.3.31}% 322
\BOOKMARK [2][-]{subsection.3.31.3}{\376\377\0003\000.\0003\0001\000.\0003\000\040\000D\000e\000t\000a\000i\000l\000e\000d\000\040\000D\000e\000s\000c\000r\000i\000p\000t\000i\000o\000n}{section.3.31}% 323
\BOOKMARK [2][-]{subsection.3.31.4}{\376\377\0003\000.\0003\0001\000.\0004\000\040\000C\000o\000n\000s\000t\000r\000u\000c\000t\000o\000r\000\040\000\046\000\040\000D\000e\000s\000t\000r\000u\000c\000t\000o\000r\000\040\000D\000o\000c\000u\000m\000e\000n\000t\000a\000t\000i\000o\000n}{section.3.31}% 324
\BOOKMARK [3][-]{subsubsection.3.31.4.1}{\376\377\0003\000.\0003\0001\000.\0004\000.\0001\000\040\000S\000h\000e\000e\000p\000\050\000\051}{subsection.3.31.4}% 325
\BOOKMARK [2][-]{subsection.3.31.5}{\376\377\0003\000.\0003\0001\000.\0005\000\040\000M\000e\000m\000b\000e\000r\000\040\000F\000u\000n\000c\000t\000i\000o\000n\000\040\000D\000o\000c\000u\000m\000e\000n\000t\000a\000t\000i\000o\000n}{section.3.31}% 326
\BOOKMARK [3][-]{subsubsection.3.31.5.1}{\376\377\0003\000.\0003\0001\000.\0005\000.\0001\000\040\000m\000a\000k\000e\000N\000o\000i\000s\000e\000\050\000\051}{subsection.3.31.5}% 327
\BOOKMARK [3][-]{subsubsection.3.31.5.2}{\376\377\0003\000.\0003\0001\000.\0005\000.\0002\000\040\000p\000r\000o\000d\000u\000c\000e\000P\000r\000o\000d\000u\000c\000t\000\050\000\051}{subsection.3.31.5}% 328
\BOOKMARK [3][-]{subsubsection.3.31.5.3}{\376\377\0003\000.\0003\0001\000.\0005\000.\0003\000\040\000r\000e\000n\000d\000e\000r\000\050\000\051}{subsection.3.31.5}% 329
\BOOKMARK [1][-]{section.3.32}{\376\377\0003\000.\0003\0002\000\040\000S\000h\000e\000e\000p\000M\000e\000a\000t\000\040\000C\000l\000a\000s\000s\000\040\000R\000e\000f\000e\000r\000e\000n\000c\000e}{chapter.3}% 330
\BOOKMARK [2][-]{subsection.3.32.1}{\376\377\0003\000.\0003\0002\000.\0001\000\040\000*}{section.3.32}% 331
\BOOKMARK [2][-]{subsection.3.32.2}{\376\377\0003\000.\0003\0002\000.\0002\000\040\000*}{section.3.32}% 332
\BOOKMARK [2][-]{subsection.3.32.3}{\376\377\0003\000.\0003\0002\000.\0003\000\040\000D\000e\000t\000a\000i\000l\000e\000d\000\040\000D\000e\000s\000c\000r\000i\000p\000t\000i\000o\000n}{section.3.32}% 333
\BOOKMARK [2][-]{subsection.3.32.4}{\376\377\0003\000.\0003\0002\000.\0004\000\040\000M\000e\000m\000b\000e\000r\000\040\000F\000u\000n\000c\000t\000i\000o\000n\000\040\000D\000o\000c\000u\000m\000e\000n\000t\000a\000t\000i\000o\000n}{section.3.32}% 334
\BOOKMARK [3][-]{subsubsection.3.32.4.1}{\376\377\0003\000.\0003\0002\000.\0004\000.\0001\000\040\000g\000e\000t\000C\000a\000t\000e\000g\000o\000r\000y\000\050\000\051}{subsection.3.32.4}% 335
\BOOKMARK [3][-]{subsubsection.3.32.4.2}{\376\377\0003\000.\0003\0002\000.\0004\000.\0002\000\040\000g\000e\000t\000P\000r\000i\000c\000e\000\050\000\051}{subsection.3.32.4}% 336
\BOOKMARK [1][-]{section.3.33}{\376\377\0003\000.\0003\0003\000\040\000S\000i\000d\000e\000P\000r\000o\000d\000u\000c\000t\000\040\000C\000l\000a\000s\000s\000\040\000R\000e\000f\000e\000r\000e\000n\000c\000e}{chapter.3}% 337
\BOOKMARK [2][-]{subsection.3.33.1}{\376\377\0003\000.\0003\0003\000.\0001\000\040\000*}{section.3.33}% 338
\BOOKMARK [2][-]{subsection.3.33.2}{\376\377\0003\000.\0003\0003\000.\0002\000\040\000*}{section.3.33}% 339
\BOOKMARK [2][-]{subsection.3.33.3}{\376\377\0003\000.\0003\0003\000.\0003\000\040\000D\000e\000t\000a\000i\000l\000e\000d\000\040\000D\000e\000s\000c\000r\000i\000p\000t\000i\000o\000n}{section.3.33}% 340
\BOOKMARK [2][-]{subsection.3.33.4}{\376\377\0003\000.\0003\0003\000.\0004\000\040\000C\000o\000n\000s\000t\000r\000u\000c\000t\000o\000r\000\040\000\046\000\040\000D\000e\000s\000t\000r\000u\000c\000t\000o\000r\000\040\000D\000o\000c\000u\000m\000e\000n\000t\000a\000t\000i\000o\000n}{section.3.33}% 341
\BOOKMARK [3][-]{subsubsection.3.33.4.1}{\376\377\0003\000.\0003\0003\000.\0004\000.\0001\000\040\000\040\000S\000i\000d\000e\000P\000r\000o\000d\000u\000c\000t\000\050\000\051}{subsection.3.33.4}% 342
\BOOKMARK [2][-]{subsection.3.33.5}{\376\377\0003\000.\0003\0003\000.\0005\000\040\000M\000e\000m\000b\000e\000r\000\040\000F\000u\000n\000c\000t\000i\000o\000n\000\040\000D\000o\000c\000u\000m\000e\000n\000t\000a\000t\000i\000o\000n}{section.3.33}% 343
\BOOKMARK [3][-]{subsubsection.3.33.5.1}{\376\377\0003\000.\0003\0003\000.\0005\000.\0001\000\040\000g\000e\000t\000R\000e\000c\000i\000p\000e\000\050\000\051}{subsection.3.33.5}% 344
\BOOKMARK [1][-]{section.3.34}{\376\377\0003\000.\0003\0004\000\040\000S\000u\000p\000e\000r\000S\000e\000c\000r\000e\000t\000S\000p\000e\000c\000i\000a\000l\000P\000r\000o\000d\000u\000c\000t\000\040\000C\000l\000a\000s\000s\000\040\000R\000e\000f\000e\000r\000e\000n\000c\000e}{chapter.3}% 345
\BOOKMARK [2][-]{subsection.3.34.1}{\376\377\0003\000.\0003\0004\000.\0001\000\040\000*}{section.3.34}% 346
\BOOKMARK [2][-]{subsection.3.34.2}{\376\377\0003\000.\0003\0004\000.\0002\000\040\000*}{section.3.34}% 347
\BOOKMARK [2][-]{subsection.3.34.3}{\376\377\0003\000.\0003\0004\000.\0003\000\040\000D\000e\000t\000a\000i\000l\000e\000d\000\040\000D\000e\000s\000c\000r\000i\000p\000t\000i\000o\000n}{section.3.34}% 348
\BOOKMARK [2][-]{subsection.3.34.4}{\376\377\0003\000.\0003\0004\000.\0004\000\040\000C\000o\000n\000s\000t\000r\000u\000c\000t\000o\000r\000\040\000\046\000\040\000D\000e\000s\000t\000r\000u\000c\000t\000o\000r\000\040\000D\000o\000c\000u\000m\000e\000n\000t\000a\000t\000i\000o\000n}{section.3.34}% 349
\BOOKMARK [3][-]{subsubsection.3.34.4.1}{\376\377\0003\000.\0003\0004\000.\0004\000.\0001\000\040\000S\000u\000p\000e\000r\000S\000e\000c\000r\000e\000t\000S\000p\000e\000c\000i\000a\000l\000P\000r\000o\000d\000u\000c\000t\000\050\000\051}{subsection.3.34.4}% 350
\BOOKMARK [2][-]{subsection.3.34.5}{\376\377\0003\000.\0003\0004\000.\0005\000\040\000M\000e\000m\000b\000e\000r\000\040\000F\000u\000n\000c\000t\000i\000o\000n\000\040\000D\000o\000c\000u\000m\000e\000n\000t\000a\000t\000i\000o\000n}{section.3.34}% 351
\BOOKMARK [3][-]{subsubsection.3.34.5.1}{\376\377\0003\000.\0003\0004\000.\0005\000.\0001\000\040\000g\000e\000t\000C\000a\000t\000e\000g\000o\000r\000y\000\050\000\051}{subsection.3.34.5}% 352
\BOOKMARK [3][-]{subsubsection.3.34.5.2}{\376\377\0003\000.\0003\0004\000.\0005\000.\0002\000\040\000g\000e\000t\000P\000r\000i\000c\000e\000\050\000\051}{subsection.3.34.5}% 353
\BOOKMARK [3][-]{subsubsection.3.34.5.3}{\376\377\0003\000.\0003\0004\000.\0005\000.\0003\000\040\000g\000e\000t\000R\000e\000c\000i\000p\000e\000\050\000\051}{subsection.3.34.5}% 354
\BOOKMARK [1][-]{section.3.35}{\376\377\0003\000.\0003\0005\000\040\000T\000r\000u\000c\000k\000\040\000C\000l\000a\000s\000s\000\040\000R\000e\000f\000e\000r\000e\000n\000c\000e}{chapter.3}% 355
\BOOKMARK [2][-]{subsection.3.35.1}{\376\377\0003\000.\0003\0005\000.\0001\000\040\000*}{section.3.35}% 356
\BOOKMARK [2][-]{subsection.3.35.2}{\376\377\0003\000.\0003\0005\000.\0002\000\040\000*}{section.3.35}% 357
\BOOKMARK [2][-]{subsection.3.35.3}{\376\377\0003\000.\0003\0005\000.\0003\000\040\000D\000e\000t\000a\000i\000l\000e\000d\000\040\000D\000e\000s\000c\000r\000i\000p\000t\000i\000o\000n}{section.3.35}% 358
\BOOKMARK [2][-]{subsection.3.35.4}{\376\377\0003\000.\0003\0005\000.\0004\000\040\000M\000e\000m\000b\000e\000r\000\040\000F\000u\000n\000c\000t\000i\000o\000n\000\040\000D\000o\000c\000u\000m\000e\000n\000t\000a\000t\000i\000o\000n}{section.3.35}% 359
\BOOKMARK [3][-]{subsubsection.3.35.4.1}{\376\377\0003\000.\0003\0005\000.\0004\000.\0001\000\040\000g\000e\000t\000C\000a\000t\000e\000g\000o\000r\000y\000\050\000\051}{subsection.3.35.4}% 360
\BOOKMARK [1][-]{section.3.36}{\376\377\0003\000.\0003\0006\000\040\000W\000e\000l\000l\000\040\000C\000l\000a\000s\000s\000\040\000R\000e\000f\000e\000r\000e\000n\000c\000e}{chapter.3}% 361
\BOOKMARK [2][-]{subsection.3.36.1}{\376\377\0003\000.\0003\0006\000.\0001\000\040\000*}{section.3.36}% 362
\BOOKMARK [2][-]{subsection.3.36.2}{\376\377\0003\000.\0003\0006\000.\0002\000\040\000*}{section.3.36}% 363
\BOOKMARK [2][-]{subsection.3.36.3}{\376\377\0003\000.\0003\0006\000.\0003\000\040\000D\000e\000t\000a\000i\000l\000e\000d\000\040\000D\000e\000s\000c\000r\000i\000p\000t\000i\000o\000n}{section.3.36}% 364
\BOOKMARK [2][-]{subsection.3.36.4}{\376\377\0003\000.\0003\0006\000.\0004\000\040\000M\000e\000m\000b\000e\000r\000\040\000F\000u\000n\000c\000t\000i\000o\000n\000\040\000D\000o\000c\000u\000m\000e\000n\000t\000a\000t\000i\000o\000n}{section.3.36}% 365
\BOOKMARK [3][-]{subsubsection.3.36.4.1}{\376\377\0003\000.\0003\0006\000.\0004\000.\0001\000\040\000g\000e\000t\000C\000a\000t\000e\000g\000o\000r\000y\000\050\000\051}{subsection.3.36.4}% 366
\BOOKMARK [1][-]{section.3.37}{\376\377\0003\000.\0003\0007\000\040\000W\000o\000r\000l\000d\000\040\000C\000l\000a\000s\000s\000\040\000R\000e\000f\000e\000r\000e\000n\000c\000e}{chapter.3}% 367
\BOOKMARK [2][-]{subsection.3.37.1}{\376\377\0003\000.\0003\0007\000.\0001\000\040\000*}{section.3.37}% 368
\BOOKMARK [2][-]{subsection.3.37.2}{\376\377\0003\000.\0003\0007\000.\0002\000\040\000D\000e\000t\000a\000i\000l\000e\000d\000\040\000D\000e\000s\000c\000r\000i\000p\000t\000i\000o\000n}{section.3.37}% 369
\BOOKMARK [2][-]{subsection.3.37.3}{\376\377\0003\000.\0003\0007\000.\0003\000\040\000C\000o\000n\000s\000t\000r\000u\000c\000t\000o\000r\000\040\000\046\000\040\000D\000e\000s\000t\000r\000u\000c\000t\000o\000r\000\040\000D\000o\000c\000u\000m\000e\000n\000t\000a\000t\000i\000o\000n}{section.3.37}% 370
\BOOKMARK [3][-]{subsubsection.3.37.3.1}{\376\377\0003\000.\0003\0007\000.\0003\000.\0001\000\040\000W\000o\000r\000l\000d\000\050\000\051}{subsection.3.37.3}% 371
\BOOKMARK [3][-]{subsubsection.3.37.3.2}{\376\377\0003\000.\0003\0007\000.\0003\000.\0002\000\040\000\040\000W\000o\000r\000l\000d\000\050\000\051}{subsection.3.37.3}% 372
\BOOKMARK [2][-]{subsection.3.37.4}{\376\377\0003\000.\0003\0007\000.\0004\000\040\000M\000e\000m\000b\000e\000r\000\040\000F\000u\000n\000c\000t\000i\000o\000n\000\040\000D\000o\000c\000u\000m\000e\000n\000t\000a\000t\000i\000o\000n}{section.3.37}% 373
\BOOKMARK [3][-]{subsubsection.3.37.4.1}{\376\377\0003\000.\0003\0007\000.\0004\000.\0001\000\040\000D\000r\000a\000w\000\050\000\051}{subsection.3.37.4}% 374
\BOOKMARK [3][-]{subsubsection.3.37.4.2}{\376\377\0003\000.\0003\0007\000.\0004\000.\0002\000\040\000I\000n\000p\000u\000t\000\050\000\051}{subsection.3.37.4}% 375
\BOOKMARK [3][-]{subsubsection.3.37.4.3}{\376\377\0003\000.\0003\0007\000.\0004\000.\0003\000\040\000U\000p\000d\000a\000t\000e\000\050\000\051}{subsection.3.37.4}% 376
\BOOKMARK [0][-]{section*.36}{\376\377\000I\000n\000d\000e\000x}{}% 377
